{"/home/travis/build/npmtest/node-npmtest-mjml/test.js":{"path":"/home/travis/build/npmtest/node-npmtest-mjml/test.js","s":{"1":2,"2":2,"3":2,"4":2,"5":2,"6":2,"7":2,"8":1,"9":2,"10":2,"11":1,"12":1,"13":1,"14":1,"15":2,"16":2,"17":2,"18":2,"19":1,"20":1,"21":2,"22":2,"23":2,"24":1,"25":1,"26":1,"27":1,"28":1,"29":1,"30":1,"31":1,"32":1,"33":1,"34":1,"35":1,"36":1,"37":2,"38":2,"39":1,"40":2,"41":2,"42":1,"43":2,"44":2,"45":1,"46":2,"47":2,"48":1,"49":1,"50":1,"51":1,"52":1},"b":{"1":[2,1,1,1],"2":[1,1,1,1],"3":[1,1],"4":[1,1],"5":[1,1],"6":[1,1],"7":[1,1],"8":[1,1],"9":[1,1,1],"10":[1,1],"11":[1,1],"12":[1,1],"13":[1,1],"14":[1,1],"15":[1,1],"16":[1,1]},"f":{"1":2,"2":2,"3":2,"4":2,"5":2,"6":1,"7":1,"8":2,"9":2,"10":2,"11":2,"12":1},"fnMap":{"1":{"name":"(anonymous_1)","line":12,"loc":{"start":{"line":12,"column":1},"end":{"line":12,"column":13}}},"2":{"name":"(anonymous_2)","line":19,"loc":{"start":{"line":19,"column":5},"end":{"line":19,"column":17}}},"3":{"name":"(anonymous_3)","line":23,"loc":{"start":{"line":23,"column":24},"end":{"line":23,"column":36}}},"4":{"name":"(anonymous_4)","line":61,"loc":{"start":{"line":61,"column":5},"end":{"line":61,"column":17}}},"5":{"name":"(anonymous_5)","line":82,"loc":{"start":{"line":82,"column":5},"end":{"line":82,"column":17}}},"6":{"name":"(anonymous_6)","line":102,"loc":{"start":{"line":102,"column":83},"end":{"line":105,"column":10}},"skip":true},"7":{"name":"(anonymous_7)","line":113,"loc":{"start":{"line":113,"column":77},"end":{"line":116,"column":10}},"skip":true},"8":{"name":"(anonymous_8)","line":129,"loc":{"start":{"line":129,"column":12},"end":{"line":129,"column":40}},"skip":true},"9":{"name":"(anonymous_9)","line":137,"loc":{"start":{"line":137,"column":77},"end":{"line":140,"column":10}},"skip":true},"10":{"name":"(anonymous_10)","line":148,"loc":{"start":{"line":148,"column":83},"end":{"line":151,"column":10}},"skip":true},"11":{"name":"(anonymous_11)","line":159,"loc":{"start":{"line":159,"column":79},"end":{"line":162,"column":10}},"skip":true},"12":{"name":"(anonymous_12)","line":170,"loc":{"start":{"line":170,"column":75},"end":{"line":173,"column":10}},"skip":true}},"statementMap":{"1":{"start":{"line":12,"column":0},"end":{"line":185,"column":5}},"2":{"start":{"line":14,"column":4},"end":{"line":14,"column":14}},"3":{"start":{"line":19,"column":4},"end":{"line":56,"column":9}},"4":{"start":{"line":21,"column":8},"end":{"line":21,"column":19}},"5":{"start":{"line":23,"column":8},"end":{"line":35,"column":13}},"6":{"start":{"line":24,"column":12},"end":{"line":34,"column":13}},"7":{"start":{"line":25,"column":16},"end":{"line":28,"column":30}},"8":{"start":{"line":30,"column":16},"end":{"line":33,"column":27}},"9":{"start":{"line":37,"column":8},"end":{"line":39,"column":21}},"10":{"start":{"line":40,"column":8},"end":{"line":53,"column":9}},"11":{"start":{"line":43,"column":12},"end":{"line":46,"column":14}},"12":{"start":{"line":47,"column":12},"end":{"line":47,"column":18}},"13":{"start":{"line":50,"column":12},"end":{"line":51,"column":46}},"14":{"start":{"line":52,"column":12},"end":{"line":52,"column":18}},"15":{"start":{"line":55,"column":8},"end":{"line":55,"column":35}},"16":{"start":{"line":61,"column":4},"end":{"line":63,"column":9}},"17":{"start":{"line":62,"column":8},"end":{"line":62,"column":15}},"18":{"start":{"line":64,"column":4},"end":{"line":77,"column":5}},"19":{"start":{"line":70,"column":8},"end":{"line":70,"column":14}},"20":{"start":{"line":76,"column":8},"end":{"line":76,"column":14}},"21":{"start":{"line":82,"column":4},"end":{"line":84,"column":9}},"22":{"start":{"line":83,"column":8},"end":{"line":83,"column":15}},"23":{"start":{"line":85,"column":4},"end":{"line":184,"column":5}},"24":{"start":{"line":92,"column":8},"end":{"line":94,"column":63}},"25":{"start":{"line":95,"column":8},"end":{"line":95,"column":14}},"26":{"start":{"line":102,"column":8},"end":{"line":111,"column":10},"skip":true},"27":{"start":{"line":109,"column":12},"end":{"line":109,"column":55},"skip":true},"28":{"start":{"line":110,"column":12},"end":{"line":110,"column":48},"skip":true},"29":{"start":{"line":113,"column":8},"end":{"line":126,"column":10},"skip":true},"30":{"start":{"line":120,"column":12},"end":{"line":120,"column":76},"skip":true},"31":{"start":{"line":121,"column":12},"end":{"line":121,"column":73},"skip":true},"32":{"start":{"line":122,"column":12},"end":{"line":122,"column":74},"skip":true},"33":{"start":{"line":123,"column":12},"end":{"line":123,"column":79},"skip":true},"34":{"start":{"line":124,"column":12},"end":{"line":124,"column":25},"skip":true},"35":{"start":{"line":125,"column":12},"end":{"line":125,"column":45},"skip":true},"36":{"start":{"line":128,"column":8},"end":{"line":135,"column":14},"skip":true},"37":{"start":{"line":133,"column":16},"end":{"line":133,"column":29},"skip":true},"38":{"start":{"line":134,"column":16},"end":{"line":134,"column":55},"skip":true},"39":{"start":{"line":137,"column":8},"end":{"line":146,"column":10},"skip":true},"40":{"start":{"line":144,"column":12},"end":{"line":144,"column":25},"skip":true},"41":{"start":{"line":145,"column":12},"end":{"line":145,"column":45},"skip":true},"42":{"start":{"line":148,"column":8},"end":{"line":157,"column":10},"skip":true},"43":{"start":{"line":155,"column":12},"end":{"line":155,"column":25},"skip":true},"44":{"start":{"line":156,"column":12},"end":{"line":156,"column":48},"skip":true},"45":{"start":{"line":159,"column":8},"end":{"line":168,"column":10},"skip":true},"46":{"start":{"line":166,"column":12},"end":{"line":166,"column":25},"skip":true},"47":{"start":{"line":167,"column":12},"end":{"line":167,"column":46},"skip":true},"48":{"start":{"line":170,"column":8},"end":{"line":179,"column":10},"skip":true},"49":{"start":{"line":177,"column":12},"end":{"line":177,"column":94},"skip":true},"50":{"start":{"line":178,"column":12},"end":{"line":178,"column":48},"skip":true},"51":{"start":{"line":182,"column":8},"end":{"line":182,"column":35},"skip":true},"52":{"start":{"line":183,"column":8},"end":{"line":183,"column":14},"skip":true}},"branchMap":{"1":{"line":25,"type":"binary-expr","locations":[{"start":{"line":25,"column":23},"end":{"line":25,"column":62}},{"start":{"line":26,"column":20},"end":{"line":26,"column":70}},{"start":{"line":27,"column":20},"end":{"line":27,"column":71}},{"start":{"line":28,"column":20},"end":{"line":28,"column":29}}]},"2":{"line":30,"type":"binary-expr","locations":[{"start":{"line":30,"column":23},"end":{"line":30,"column":37}},{"start":{"line":31,"column":20},"end":{"line":31,"column":61}},{"start":{"line":32,"column":20},"end":{"line":32,"column":70}},{"start":{"line":33,"column":20},"end":{"line":33,"column":26}}]},"3":{"line":37,"type":"cond-expr","locations":[{"start":{"line":38,"column":14},"end":{"line":38,"column":20}},{"start":{"line":39,"column":14},"end":{"line":39,"column":20}}]},"4":{"line":40,"type":"switch","locations":[{"start":{"line":42,"column":8},"end":{"line":47,"column":18}},{"start":{"line":49,"column":8},"end":{"line":52,"column":18}}]},"5":{"line":44,"type":"binary-expr","locations":[{"start":{"line":44,"column":16},"end":{"line":44,"column":44}},{"start":{"line":44,"column":48},"end":{"line":44,"column":66}}]},"6":{"line":50,"type":"binary-expr","locations":[{"start":{"line":50,"column":21},"end":{"line":50,"column":49}},{"start":{"line":50,"column":53},"end":{"line":50,"column":72}}]},"7":{"line":64,"type":"switch","locations":[{"start":{"line":69,"column":4},"end":{"line":70,"column":14}},{"start":{"line":75,"column":4},"end":{"line":76,"column":14}}]},"8":{"line":85,"type":"switch","locations":[{"start":{"line":90,"column":4},"end":{"line":95,"column":14}},{"start":{"line":101,"column":4},"end":{"line":183,"column":14},"skip":true}]},"9":{"line":92,"type":"binary-expr","locations":[{"start":{"line":92,"column":18},"end":{"line":92,"column":32}},{"start":{"line":93,"column":12},"end":{"line":93,"column":53}},{"start":{"line":94,"column":12},"end":{"line":94,"column":61}}]},"10":{"line":102,"type":"binary-expr","locations":[{"start":{"line":102,"column":45},"end":{"line":102,"column":79},"skip":true},{"start":{"line":102,"column":83},"end":{"line":111,"column":9},"skip":true}]},"11":{"line":113,"type":"binary-expr","locations":[{"start":{"line":113,"column":42},"end":{"line":113,"column":73},"skip":true},{"start":{"line":113,"column":77},"end":{"line":126,"column":9},"skip":true}]},"12":{"line":128,"type":"binary-expr","locations":[{"start":{"line":128,"column":48},"end":{"line":128,"column":85},"skip":true},{"start":{"line":129,"column":12},"end":{"line":135,"column":13},"skip":true}]},"13":{"line":137,"type":"binary-expr","locations":[{"start":{"line":137,"column":42},"end":{"line":137,"column":73},"skip":true},{"start":{"line":137,"column":77},"end":{"line":146,"column":9},"skip":true}]},"14":{"line":148,"type":"binary-expr","locations":[{"start":{"line":148,"column":45},"end":{"line":148,"column":79},"skip":true},{"start":{"line":148,"column":83},"end":{"line":157,"column":9},"skip":true}]},"15":{"line":159,"type":"binary-expr","locations":[{"start":{"line":159,"column":43},"end":{"line":159,"column":75},"skip":true},{"start":{"line":159,"column":79},"end":{"line":168,"column":9},"skip":true}]},"16":{"line":170,"type":"binary-expr","locations":[{"start":{"line":170,"column":41},"end":{"line":170,"column":71},"skip":true},{"start":{"line":170,"column":75},"end":{"line":179,"column":9},"skip":true}]}},"code":["/* istanbul instrument in package npmtest_mjml */","/*jslint","    bitwise: true,","    browser: true,","    maxerr: 8,","    maxlen: 96,","    node: true,","    nomen: true,","    regexp: true,","    stupid: true","*/","(function () {","    'use strict';","    var local;","","","","    // run shared js-env code - pre-init","    (function () {","        // init local","        local = {};","        // init modeJs","        local.modeJs = (function () {","            try {","                return typeof navigator.userAgent === 'string' &&","                    typeof document.querySelector('body') === 'object' &&","                    typeof XMLHttpRequest.prototype.open === 'function' &&","                    'browser';","            } catch (errorCaughtBrowser) {","                return module.exports &&","                    typeof process.versions.node === 'string' &&","                    typeof require('http').createServer === 'function' &&","                    'node';","            }","        }());","        // init global","        local.global = local.modeJs === 'browser'","            ? window","            : global;","        switch (local.modeJs) {","        // re-init local from window.local","        case 'browser':","            local = local.global.utility2.objectSetDefault(","                local.global.utility2_rollup || local.global.local,","                local.global.utility2","            );","            break;","        // re-init local from example.js","        case 'node':","            local = (local.global.utility2_rollup || require('utility2'))","                .requireExampleJsFromReadme();","            break;","        }","        // export local","        local.global.local = local;","    }());","","","","    // run shared js-env code - function","    (function () {","        return;","    }());","    switch (local.modeJs) {","","","","    // run browser js-env code - function","    case 'browser':","        break;","","","","    // run node js-env code - function","    case 'node':","        break;","    }","","","","    // run shared js-env code - post-init","    (function () {","        return;","    }());","    switch (local.modeJs) {","","","","    // run browser js-env code - post-init","    case 'browser':","        // run tests","        local.nop(local.modeTest &&","            document.querySelector('#testRunButton1') &&","            document.querySelector('#testRunButton1').click());","        break;","","","","    // run node js-env code - post-init","    /* istanbul ignore next */","    case 'node':","        local.testCase_buildApidoc_default = local.testCase_buildApidoc_default || function (","            options,","            onError","        ) {","        /*","         * this function will test buildApidoc's default handling-behavior-behavior","         */","            options = { modulePathList: module.paths };","            local.buildApidoc(options, onError);","        };","","        local.testCase_buildApp_default = local.testCase_buildApp_default || function (","            options,","            onError","        ) {","        /*","         * this function will test buildApp's default handling-behavior-behavior","         */","            local.testCase_buildReadme_default(options, local.onErrorThrow);","            local.testCase_buildLib_default(options, local.onErrorThrow);","            local.testCase_buildTest_default(options, local.onErrorThrow);","            local.testCase_buildCustomOrg_default(options, local.onErrorThrow);","            options = [];","            local.buildApp(options, onError);","        };","","        local.testCase_buildCustomOrg_default = local.testCase_buildCustomOrg_default ||","            function (options, onError) {","            /*","             * this function will test buildCustomOrg's default handling-behavior","             */","                options = {};","                local.buildCustomOrg(options, onError);","            };","","        local.testCase_buildLib_default = local.testCase_buildLib_default || function (","            options,","            onError","        ) {","        /*","         * this function will test buildLib's default handling-behavior","         */","            options = {};","            local.buildLib(options, onError);","        };","","        local.testCase_buildReadme_default = local.testCase_buildReadme_default || function (","            options,","            onError","        ) {","        /*","         * this function will test buildReadme's default handling-behavior-behavior","         */","            options = {};","            local.buildReadme(options, onError);","        };","","        local.testCase_buildTest_default = local.testCase_buildTest_default || function (","            options,","            onError","        ) {","        /*","         * this function will test buildTest's default handling-behavior","         */","            options = {};","            local.buildTest(options, onError);","        };","","        local.testCase_webpage_default = local.testCase_webpage_default || function (","            options,","            onError","        ) {","        /*","         * this function will test webpage's default handling-behavior","         */","            options = { modeCoverageMerge: true, url: local.serverLocalHost + '?modeTest=1' };","            local.browserTest(options, onError);","        };","","        // run test-server","        local.testRunServer(local);","        break;","    }","}());",""],"l":{"12":2,"14":2,"19":2,"21":2,"23":2,"24":2,"25":2,"30":1,"37":2,"40":2,"43":1,"47":1,"50":1,"52":1,"55":2,"61":2,"62":2,"64":2,"70":1,"76":1,"82":2,"83":2,"85":2,"92":1,"95":1,"102":1,"109":1,"110":1,"113":1,"120":1,"121":1,"122":1,"123":1,"124":1,"125":1,"128":1,"133":2,"134":2,"137":1,"144":2,"145":2,"148":1,"155":2,"156":2,"159":1,"166":2,"167":2,"170":1,"177":1,"178":1,"182":1,"183":1}},"/home/travis/build/npmtest/node-npmtest-mjml/lib.npmtest_mjml.js":{"path":"/home/travis/build/npmtest/node-npmtest-mjml/lib.npmtest_mjml.js","s":{"1":2,"2":2,"3":2,"4":2,"5":2,"6":2,"7":2,"8":1,"9":2,"10":2,"11":2,"12":2,"13":1,"14":1,"15":1,"16":1},"b":{"1":[2,1,1,1],"2":[1,1,1,1],"3":[1,1],"4":[2,2],"5":[1,1]},"f":{"1":2,"2":2,"3":2},"fnMap":{"1":{"name":"(anonymous_1)","line":12,"loc":{"start":{"line":12,"column":1},"end":{"line":12,"column":13}}},"2":{"name":"(anonymous_2)","line":19,"loc":{"start":{"line":19,"column":5},"end":{"line":19,"column":17}}},"3":{"name":"(anonymous_3)","line":23,"loc":{"start":{"line":23,"column":24},"end":{"line":23,"column":36}}}},"statementMap":{"1":{"start":{"line":12,"column":0},"end":{"line":53,"column":5}},"2":{"start":{"line":14,"column":4},"end":{"line":14,"column":14}},"3":{"start":{"line":19,"column":4},"end":{"line":52,"column":9}},"4":{"start":{"line":21,"column":8},"end":{"line":21,"column":19}},"5":{"start":{"line":23,"column":8},"end":{"line":35,"column":13}},"6":{"start":{"line":24,"column":12},"end":{"line":34,"column":13}},"7":{"start":{"line":25,"column":16},"end":{"line":28,"column":30}},"8":{"start":{"line":30,"column":16},"end":{"line":33,"column":27}},"9":{"start":{"line":37,"column":8},"end":{"line":39,"column":21}},"10":{"start":{"line":41,"column":8},"end":{"line":41,"column":54}},"11":{"start":{"line":43,"column":8},"end":{"line":43,"column":49}},"12":{"start":{"line":45,"column":8},"end":{"line":51,"column":9}},"13":{"start":{"line":46,"column":12},"end":{"line":46,"column":55}},"14":{"start":{"line":48,"column":12},"end":{"line":48,"column":35}},"15":{"start":{"line":49,"column":12},"end":{"line":49,"column":49}},"16":{"start":{"line":50,"column":12},"end":{"line":50,"column":43}}},"branchMap":{"1":{"line":25,"type":"binary-expr","locations":[{"start":{"line":25,"column":23},"end":{"line":25,"column":62}},{"start":{"line":26,"column":20},"end":{"line":26,"column":70}},{"start":{"line":27,"column":20},"end":{"line":27,"column":71}},{"start":{"line":28,"column":20},"end":{"line":28,"column":29}}]},"2":{"line":30,"type":"binary-expr","locations":[{"start":{"line":30,"column":23},"end":{"line":30,"column":37}},{"start":{"line":31,"column":20},"end":{"line":31,"column":61}},{"start":{"line":32,"column":20},"end":{"line":32,"column":70}},{"start":{"line":33,"column":20},"end":{"line":33,"column":26}}]},"3":{"line":37,"type":"cond-expr","locations":[{"start":{"line":38,"column":14},"end":{"line":38,"column":20}},{"start":{"line":39,"column":14},"end":{"line":39,"column":20}}]},"4":{"line":41,"type":"binary-expr","locations":[{"start":{"line":41,"column":16},"end":{"line":41,"column":44}},{"start":{"line":41,"column":48},"end":{"line":41,"column":53}}]},"5":{"line":45,"type":"if","locations":[{"start":{"line":45,"column":8},"end":{"line":45,"column":8}},{"start":{"line":45,"column":8},"end":{"line":45,"column":8}}]}},"code":["/* istanbul instrument in package npmtest_mjml */","/*jslint","    bitwise: true,","    browser: true,","    maxerr: 8,","    maxlen: 96,","    node: true,","    nomen: true,","    regexp: true,","    stupid: true","*/","(function () {","    'use strict';","    var local;","","","","    // run shared js-env code - pre-init","    (function () {","        // init local","        local = {};","        // init modeJs","        local.modeJs = (function () {","            try {","                return typeof navigator.userAgent === 'string' &&","                    typeof document.querySelector('body') === 'object' &&","                    typeof XMLHttpRequest.prototype.open === 'function' &&","                    'browser';","            } catch (errorCaughtBrowser) {","                return module.exports &&","                    typeof process.versions.node === 'string' &&","                    typeof require('http').createServer === 'function' &&","                    'node';","            }","        }());","        // init global","        local.global = local.modeJs === 'browser'","            ? window","            : global;","        // init utility2_rollup","        local = local.global.utility2_rollup || local;","        // init lib","        local.local = local.npmtest_mjml = local;","        // init exports","        if (local.modeJs === 'browser') {","            local.global.utility2_npmtest_mjml = local;","        } else {","            module.exports = local;","            module.exports.__dirname = __dirname;","            module.exports.module = module;","        }","    }());","}());",""],"l":{"12":2,"14":2,"19":2,"21":2,"23":2,"24":2,"25":2,"30":1,"37":2,"41":2,"43":2,"45":2,"46":1,"48":1,"49":1,"50":1}},"/home/travis/build/npmtest/node-npmtest-mjml/example.js":{"path":"/home/travis/build/npmtest/node-npmtest-mjml/example.js","s":{"1":2,"2":2,"3":2,"4":2,"5":2,"6":2,"7":2,"8":1,"9":2,"10":2,"11":2,"12":2,"13":1,"14":2,"15":2,"16":2,"17":2,"18":2,"19":0,"20":2,"21":1,"22":1,"23":1,"24":1,"25":1,"26":0,"27":0,"28":1,"29":1,"30":2,"31":0,"32":0,"33":0,"34":1,"35":2,"36":2,"37":2,"38":2,"39":2,"40":2,"41":0,"42":2,"43":2,"44":2,"45":1,"46":3,"47":1,"48":1,"49":1,"50":1,"51":1,"52":1,"53":1,"54":1,"55":1,"56":1,"57":0,"58":1,"59":6,"60":6,"61":1,"62":2,"63":0,"64":2,"65":1,"66":1,"67":0,"68":0,"69":0,"70":0,"71":0,"72":0,"73":0,"74":0,"75":0,"76":0,"77":0,"78":0,"79":0,"80":0,"81":0,"82":0,"83":0},"b":{"1":[2,1,1,1],"2":[1,1,1,1],"3":[1,1],"4":[2,2],"5":[1,1],"6":[1,1],"7":[2,0],"8":[2,1,1,1,1,1],"9":[0,2,0],"10":[1,1],"11":[2,1,1],"12":[1,0],"13":[0,2],"14":[2,0,0,0,0,0,0],"15":[0,2],"16":[2,0],"17":[1,1],"18":[0,1],"19":[1,2,0,2],"20":[1,0],"21":[1,1],"22":[0,0],"23":[0,0],"24":[0,0],"25":[0,0],"26":[0,0],"27":[0,0],"28":[0,0]},"f":{"1":2,"2":2,"3":2,"4":2,"5":2,"6":2,"7":2,"8":2,"9":3,"10":1,"11":6,"12":0},"fnMap":{"1":{"name":"(anonymous_1)","line":26,"loc":{"start":{"line":26,"column":1},"end":{"line":26,"column":13}}},"2":{"name":"(anonymous_2)","line":33,"loc":{"start":{"line":33,"column":5},"end":{"line":33,"column":17}}},"3":{"name":"(anonymous_3)","line":37,"loc":{"start":{"line":37,"column":24},"end":{"line":37,"column":36}}},"4":{"name":"(anonymous_4)","line":69,"loc":{"start":{"line":69,"column":31},"end":{"line":69,"column":48}},"skip":true},"5":{"name":"(anonymous_5)","line":78,"loc":{"start":{"line":78,"column":26},"end":{"line":78,"column":45}},"skip":true},"6":{"name":"(anonymous_6)","line":123,"loc":{"start":{"line":123,"column":33},"end":{"line":123,"column":48}},"skip":true},"7":{"name":"(anonymous_7)","line":125,"loc":{"start":{"line":125,"column":27},"end":{"line":125,"column":39}},"skip":true},"8":{"name":"(anonymous_8)","line":133,"loc":{"start":{"line":133,"column":59},"end":{"line":133,"column":74}},"skip":true},"9":{"name":"(anonymous_9)","line":143,"loc":{"start":{"line":143,"column":45},"end":{"line":143,"column":62}},"skip":true},"10":{"name":"(anonymous_10)","line":144,"loc":{"start":{"line":144,"column":73},"end":{"line":144,"column":92}},"skip":true},"11":{"name":"(anonymous_11)","line":272,"loc":{"start":{"line":272,"column":51},"end":{"line":272,"column":77}},"skip":true},"12":{"name":"(anonymous_12)","line":314,"loc":{"start":{"line":314,"column":32},"end":{"line":314,"column":61}},"skip":true}},"statementMap":{"1":{"start":{"line":26,"column":0},"end":{"line":325,"column":5}},"2":{"start":{"line":28,"column":4},"end":{"line":28,"column":14}},"3":{"start":{"line":33,"column":4},"end":{"line":60,"column":9}},"4":{"start":{"line":35,"column":8},"end":{"line":35,"column":19}},"5":{"start":{"line":37,"column":8},"end":{"line":49,"column":13}},"6":{"start":{"line":38,"column":12},"end":{"line":48,"column":13}},"7":{"start":{"line":39,"column":16},"end":{"line":42,"column":30}},"8":{"start":{"line":44,"column":16},"end":{"line":47,"column":27}},"9":{"start":{"line":51,"column":8},"end":{"line":53,"column":21}},"10":{"start":{"line":55,"column":8},"end":{"line":57,"column":45}},"11":{"start":{"line":59,"column":8},"end":{"line":59,"column":35}},"12":{"start":{"line":61,"column":4},"end":{"line":324,"column":5}},"13":{"start":{"line":69,"column":8},"end":{"line":121,"column":10},"skip":true},"14":{"start":{"line":70,"column":12},"end":{"line":88,"column":13},"skip":true},"15":{"start":{"line":76,"column":16},"end":{"line":87,"column":19},"skip":true},"16":{"start":{"line":79,"column":20},"end":{"line":86,"column":21},"skip":true},"17":{"start":{"line":82,"column":24},"end":{"line":82,"column":43},"skip":true},"18":{"start":{"line":83,"column":24},"end":{"line":83,"column":30},"skip":true},"19":{"start":{"line":85,"column":24},"end":{"line":85,"column":49},"skip":true},"20":{"start":{"line":89,"column":12},"end":{"line":107,"column":13},"skip":true},"21":{"start":{"line":92,"column":16},"end":{"line":102,"column":17},"skip":true},"22":{"start":{"line":93,"column":20},"end":{"line":93,"column":86},"skip":true},"23":{"start":{"line":94,"column":20},"end":{"line":95,"column":45},"skip":true},"24":{"start":{"line":96,"column":20},"end":{"line":96,"column":42},"skip":true},"25":{"start":{"line":97,"column":20},"end":{"line":97,"column":48},"skip":true},"26":{"start":{"line":100,"column":20},"end":{"line":100,"column":85},"skip":true},"27":{"start":{"line":101,"column":20},"end":{"line":101,"column":96},"skip":true},"28":{"start":{"line":103,"column":16},"end":{"line":103,"column":22},"skip":true},"29":{"start":{"line":106,"column":16},"end":{"line":106,"column":22},"skip":true},"30":{"start":{"line":108,"column":12},"end":{"line":120,"column":13},"skip":true},"31":{"start":{"line":114,"column":16},"end":{"line":119,"column":17},"skip":true},"32":{"start":{"line":116,"column":20},"end":{"line":116,"column":78},"skip":true},"33":{"start":{"line":118,"column":20},"end":{"line":118,"column":47},"skip":true},"34":{"start":{"line":123,"column":8},"end":{"line":141,"column":11},"skip":true},"35":{"start":{"line":124,"column":12},"end":{"line":124,"column":54},"skip":true},"36":{"start":{"line":125,"column":12},"end":{"line":140,"column":14},"skip":true},"37":{"start":{"line":126,"column":16},"end":{"line":126,"column":28},"skip":true},"38":{"start":{"line":127,"column":16},"end":{"line":127,"column":69},"skip":true},"39":{"start":{"line":128,"column":16},"end":{"line":128,"column":75},"skip":true},"40":{"start":{"line":129,"column":16},"end":{"line":131,"column":17},"skip":true},"41":{"start":{"line":130,"column":20},"end":{"line":130,"column":27},"skip":true},"42":{"start":{"line":133,"column":16},"end":{"line":137,"column":36},"skip":true},"43":{"start":{"line":134,"column":20},"end":{"line":136,"column":55},"skip":true},"44":{"start":{"line":139,"column":16},"end":{"line":139,"column":57},"skip":true},"45":{"start":{"line":143,"column":8},"end":{"line":147,"column":11},"skip":true},"46":{"start":{"line":144,"column":12},"end":{"line":146,"column":15},"skip":true},"47":{"start":{"line":145,"column":16},"end":{"line":145,"column":70},"skip":true},"48":{"start":{"line":149,"column":8},"end":{"line":149,"column":31},"skip":true},"49":{"start":{"line":150,"column":8},"end":{"line":150,"column":14},"skip":true},"50":{"start":{"line":158,"column":8},"end":{"line":158,"column":31},"skip":true},"51":{"start":{"line":160,"column":8},"end":{"line":160,"column":33},"skip":true},"52":{"start":{"line":161,"column":8},"end":{"line":161,"column":37},"skip":true},"53":{"start":{"line":162,"column":8},"end":{"line":162,"column":35},"skip":true},"54":{"start":{"line":164,"column":8},"end":{"line":164,"column":50},"skip":true},"55":{"start":{"line":166,"column":8},"end":{"line":256,"column":2},"skip":true},"56":{"start":{"line":258,"column":8},"end":{"line":286,"column":9},"skip":true},"57":{"start":{"line":259,"column":12},"end":{"line":269,"column":14},"skip":true},"58":{"start":{"line":271,"column":12},"end":{"line":285,"column":19},"skip":true},"59":{"start":{"line":274,"column":20},"end":{"line":274,"column":35},"skip":true},"60":{"start":{"line":275,"column":20},"end":{"line":284,"column":21},"skip":true},"61":{"start":{"line":277,"column":24},"end":{"line":277,"column":64},"skip":true},"62":{"start":{"line":279,"column":24},"end":{"line":279,"column":40},"skip":true},"63":{"start":{"line":281,"column":24},"end":{"line":281,"column":40},"skip":true},"64":{"start":{"line":283,"column":24},"end":{"line":283,"column":39},"skip":true},"65":{"start":{"line":288,"column":8},"end":{"line":290,"column":9},"skip":true},"66":{"start":{"line":289,"column":12},"end":{"line":289,"column":18},"skip":true},"67":{"start":{"line":291,"column":8},"end":{"line":293,"column":54},"skip":true},"68":{"start":{"line":294,"column":8},"end":{"line":301,"column":37},"skip":true},"69":{"start":{"line":302,"column":8},"end":{"line":302,"column":82},"skip":true},"70":{"start":{"line":305,"column":8},"end":{"line":307,"column":9},"skip":true},"71":{"start":{"line":306,"column":12},"end":{"line":306,"column":82},"skip":true},"72":{"start":{"line":309,"column":8},"end":{"line":311,"column":9},"skip":true},"73":{"start":{"line":310,"column":12},"end":{"line":310,"column":18},"skip":true},"74":{"start":{"line":312,"column":8},"end":{"line":312,"column":54},"skip":true},"75":{"start":{"line":313,"column":8},"end":{"line":313,"column":69},"skip":true},"76":{"start":{"line":314,"column":8},"end":{"line":322,"column":36},"skip":true},"77":{"start":{"line":315,"column":12},"end":{"line":315,"column":61},"skip":true},"78":{"start":{"line":316,"column":12},"end":{"line":319,"column":13},"skip":true},"79":{"start":{"line":317,"column":16},"end":{"line":317,"column":75},"skip":true},"80":{"start":{"line":318,"column":16},"end":{"line":318,"column":23},"skip":true},"81":{"start":{"line":320,"column":12},"end":{"line":320,"column":38},"skip":true},"82":{"start":{"line":321,"column":12},"end":{"line":321,"column":27},"skip":true},"83":{"start":{"line":323,"column":8},"end":{"line":323,"column":14},"skip":true}},"branchMap":{"1":{"line":39,"type":"binary-expr","locations":[{"start":{"line":39,"column":23},"end":{"line":39,"column":62}},{"start":{"line":40,"column":20},"end":{"line":40,"column":70}},{"start":{"line":41,"column":20},"end":{"line":41,"column":71}},{"start":{"line":42,"column":20},"end":{"line":42,"column":29}}]},"2":{"line":44,"type":"binary-expr","locations":[{"start":{"line":44,"column":23},"end":{"line":44,"column":37}},{"start":{"line":45,"column":20},"end":{"line":45,"column":61}},{"start":{"line":46,"column":20},"end":{"line":46,"column":70}},{"start":{"line":47,"column":20},"end":{"line":47,"column":26}}]},"3":{"line":51,"type":"cond-expr","locations":[{"start":{"line":52,"column":14},"end":{"line":52,"column":20}},{"start":{"line":53,"column":14},"end":{"line":53,"column":20}}]},"4":{"line":55,"type":"binary-expr","locations":[{"start":{"line":55,"column":16},"end":{"line":55,"column":44}},{"start":{"line":55,"column":49},"end":{"line":57,"column":43}}]},"5":{"line":55,"type":"cond-expr","locations":[{"start":{"line":56,"column":14},"end":{"line":56,"column":48}},{"start":{"line":57,"column":14},"end":{"line":57,"column":43}}]},"6":{"line":61,"type":"switch","locations":[{"start":{"line":68,"column":4},"end":{"line":150,"column":14},"skip":true},{"start":{"line":156,"column":4},"end":{"line":323,"column":14},"skip":true}]},"7":{"line":70,"type":"if","locations":[{"start":{"line":70,"column":12},"end":{"line":70,"column":12},"skip":true},{"start":{"line":70,"column":12},"end":{"line":70,"column":12},"skip":true}]},"8":{"line":70,"type":"binary-expr","locations":[{"start":{"line":70,"column":16},"end":{"line":70,"column":22},"skip":true},{"start":{"line":70,"column":27},"end":{"line":70,"column":32},"skip":true},{"start":{"line":71,"column":20},"end":{"line":71,"column":39},"skip":true},{"start":{"line":72,"column":20},"end":{"line":72,"column":49},"skip":true},{"start":{"line":73,"column":20},"end":{"line":73,"column":58},"skip":true},{"start":{"line":74,"column":20},"end":{"line":74,"column":69},"skip":true}]},"9":{"line":79,"type":"switch","locations":[{"start":{"line":80,"column":20},"end":{"line":80,"column":33},"skip":true},{"start":{"line":81,"column":20},"end":{"line":83,"column":30},"skip":true},{"start":{"line":84,"column":20},"end":{"line":85,"column":49},"skip":true}]},"10":{"line":89,"type":"switch","locations":[{"start":{"line":90,"column":12},"end":{"line":103,"column":22},"skip":true},{"start":{"line":105,"column":12},"end":{"line":106,"column":22},"skip":true}]},"11":{"line":89,"type":"binary-expr","locations":[{"start":{"line":89,"column":20},"end":{"line":89,"column":25},"skip":true},{"start":{"line":89,"column":29},"end":{"line":89,"column":48},"skip":true},{"start":{"line":89,"column":52},"end":{"line":89,"column":74},"skip":true}]},"12":{"line":92,"type":"if","locations":[{"start":{"line":92,"column":16},"end":{"line":92,"column":16},"skip":true},{"start":{"line":92,"column":16},"end":{"line":92,"column":16},"skip":true}]},"13":{"line":108,"type":"if","locations":[{"start":{"line":108,"column":12},"end":{"line":108,"column":12},"skip":true},{"start":{"line":108,"column":12},"end":{"line":108,"column":12},"skip":true}]},"14":{"line":108,"type":"binary-expr","locations":[{"start":{"line":108,"column":16},"end":{"line":108,"column":61},"skip":true},{"start":{"line":108,"column":66},"end":{"line":108,"column":72},"skip":true},{"start":{"line":108,"column":77},"end":{"line":108,"column":82},"skip":true},{"start":{"line":109,"column":20},"end":{"line":109,"column":39},"skip":true},{"start":{"line":110,"column":20},"end":{"line":110,"column":49},"skip":true},{"start":{"line":111,"column":20},"end":{"line":111,"column":58},"skip":true},{"start":{"line":112,"column":20},"end":{"line":112,"column":68},"skip":true}]},"15":{"line":129,"type":"if","locations":[{"start":{"line":129,"column":16},"end":{"line":129,"column":16},"skip":true},{"start":{"line":129,"column":16},"end":{"line":129,"column":16},"skip":true}]},"16":{"line":134,"type":"cond-expr","locations":[{"start":{"line":135,"column":26},"end":{"line":135,"column":29},"skip":true},{"start":{"line":136,"column":26},"end":{"line":136,"column":54},"skip":true}]},"17":{"line":164,"type":"binary-expr","locations":[{"start":{"line":164,"column":27},"end":{"line":164,"column":43},"skip":true},{"start":{"line":164,"column":47},"end":{"line":164,"column":49},"skip":true}]},"18":{"line":258,"type":"if","locations":[{"start":{"line":258,"column":8},"end":{"line":258,"column":8},"skip":true},{"start":{"line":258,"column":8},"end":{"line":258,"column":8},"skip":true}]},"19":{"line":275,"type":"switch","locations":[{"start":{"line":276,"column":20},"end":{"line":277,"column":64},"skip":true},{"start":{"line":278,"column":20},"end":{"line":279,"column":40},"skip":true},{"start":{"line":280,"column":20},"end":{"line":281,"column":40},"skip":true},{"start":{"line":282,"column":20},"end":{"line":283,"column":39},"skip":true}]},"20":{"line":288,"type":"if","locations":[{"start":{"line":288,"column":8},"end":{"line":288,"column":8},"skip":true},{"start":{"line":288,"column":8},"end":{"line":288,"column":8},"skip":true}]},"21":{"line":288,"type":"binary-expr","locations":[{"start":{"line":288,"column":12},"end":{"line":288,"column":40},"skip":true},{"start":{"line":288,"column":44},"end":{"line":288,"column":67},"skip":true}]},"22":{"line":292,"type":"binary-expr","locations":[{"start":{"line":292,"column":12},"end":{"line":292,"column":50},"skip":true},{"start":{"line":293,"column":12},"end":{"line":293,"column":53},"skip":true}]},"23":{"line":295,"type":"binary-expr","locations":[{"start":{"line":295,"column":12},"end":{"line":295,"column":62},"skip":true},{"start":{"line":296,"column":12},"end":{"line":301,"column":36},"skip":true}]},"24":{"line":302,"type":"binary-expr","locations":[{"start":{"line":302,"column":43},"end":{"line":302,"column":75},"skip":true},{"start":{"line":302,"column":79},"end":{"line":302,"column":81},"skip":true}]},"25":{"line":305,"type":"if","locations":[{"start":{"line":305,"column":8},"end":{"line":305,"column":8},"skip":true},{"start":{"line":305,"column":8},"end":{"line":305,"column":8},"skip":true}]},"26":{"line":309,"type":"if","locations":[{"start":{"line":309,"column":8},"end":{"line":309,"column":8},"skip":true},{"start":{"line":309,"column":8},"end":{"line":309,"column":8},"skip":true}]},"27":{"line":312,"type":"binary-expr","locations":[{"start":{"line":312,"column":27},"end":{"line":312,"column":43},"skip":true},{"start":{"line":312,"column":47},"end":{"line":312,"column":53},"skip":true}]},"28":{"line":316,"type":"if","locations":[{"start":{"line":316,"column":12},"end":{"line":316,"column":12},"skip":true},{"start":{"line":316,"column":12},"end":{"line":316,"column":12},"skip":true}]}},"code":["/*","example.js","","quickstart example","","instruction","    1. save this script as example.js","    2. run the shell command:","        $ npm install npmtest-mjml && PORT=8081 node example.js","    3. play with the browser-demo on http://127.0.0.1:8081","*/","","","","/* istanbul instrument in package npmtest_mjml */","/*jslint","    bitwise: true,","    browser: true,","    maxerr: 8,","    maxlen: 96,","    node: true,","    nomen: true,","    regexp: true,","    stupid: true","*/","(function () {","    'use strict';","    var local;","","","","    // run shared js-env code - pre-init","    (function () {","        // init local","        local = {};","        // init modeJs","        local.modeJs = (function () {","            try {","                return typeof navigator.userAgent === 'string' &&","                    typeof document.querySelector('body') === 'object' &&","                    typeof XMLHttpRequest.prototype.open === 'function' &&","                    'browser';","            } catch (errorCaughtBrowser) {","                return module.exports &&","                    typeof process.versions.node === 'string' &&","                    typeof require('http').createServer === 'function' &&","                    'node';","            }","        }());","        // init global","        local.global = local.modeJs === 'browser'","            ? window","            : global;","        // init utility2_rollup","        local = local.global.utility2_rollup || (local.modeJs === 'browser'","            ? local.global.utility2_npmtest_mjml","            : global.utility2_moduleExports);","        // export local","        local.global.local = local;","    }());","    switch (local.modeJs) {","","","","    // post-init","    // run browser js-env code - post-init","    /* istanbul ignore next */","    case 'browser':","        local.testRunBrowser = function (event) {","            if (!event || (event &&","                    event.currentTarget &&","                    event.currentTarget.className &&","                    event.currentTarget.className.includes &&","                    event.currentTarget.className.includes('onreset'))) {","                // reset output","                Array.from(","                    document.querySelectorAll('body > .resettable')","                ).forEach(function (element) {","                    switch (element.tagName) {","                    case 'INPUT':","                    case 'TEXTAREA':","                        element.value = '';","                        break;","                    default:","                        element.textContent = '';","                    }","                });","            }","            switch (event && event.currentTarget && event.currentTarget.id) {","            case 'testRunButton1':","                // show tests","                if (document.querySelector('#testReportDiv1').style.display === 'none') {","                    document.querySelector('#testReportDiv1').style.display = 'block';","                    document.querySelector('#testRunButton1').textContent =","                        'hide internal test';","                    local.modeTest = true;","                    local.testRunDefault(local);","                // hide tests","                } else {","                    document.querySelector('#testReportDiv1').style.display = 'none';","                    document.querySelector('#testRunButton1').textContent = 'run internal test';","                }","                break;","            // custom-case","            default:","                break;","            }","            if (document.querySelector('#inputTextareaEval1') && (!event || (event &&","                    event.currentTarget &&","                    event.currentTarget.className &&","                    event.currentTarget.className.includes &&","                    event.currentTarget.className.includes('oneval')))) {","                // try to eval input-code","                try {","                    /*jslint evil: true*/","                    eval(document.querySelector('#inputTextareaEval1').value);","                } catch (errorCaught) {","                    console.error(errorCaught);","                }","            }","        };","        // log stderr and stdout to #outputTextareaStdout1","        ['error', 'log'].forEach(function (key) {","            console[key + '_original'] = console[key];","            console[key] = function () {","                var element;","                console[key + '_original'].apply(console, arguments);","                element = document.querySelector('#outputTextareaStdout1');","                if (!element) {","                    return;","                }","                // append text to #outputTextareaStdout1","                element.value += Array.from(arguments).map(function (arg) {","                    return typeof arg === 'string'","                        ? arg","                        : JSON.stringify(arg, null, 4);","                }).join(' ') + '\\n';","                // scroll textarea to bottom","                element.scrollTop = element.scrollHeight;","            };","        });","        // init event-handling","        ['change', 'click', 'keyup'].forEach(function (event) {","            Array.from(document.querySelectorAll('.on' + event)).forEach(function (element) {","                element.addEventListener(event, local.testRunBrowser);","            });","        });","        // run tests","        local.testRunBrowser();","        break;","","","","    // run node js-env code - post-init","    /* istanbul ignore next */","    case 'node':","        // export local","        module.exports = local;","        // require modules","        local.fs = require('fs');","        local.http = require('http');","        local.url = require('url');","        // init assets","        local.assetsDict = local.assetsDict || {};","        /* jslint-ignore-begin */","        local.assetsDict['/assets.index.template.html'] = '\\","<!doctype html>\\n\\","<html lang=\"en\">\\n\\","<head>\\n\\","<meta charset=\"UTF-8\">\\n\\","<meta name=\"viewport\" content=\"width=device-width, initial-scale=1\">\\n\\","<title>{{env.npm_package_name}} (v{{env.npm_package_version}})</title>\\n\\","<style>\\n\\","/*csslint\\n\\","    box-sizing: false,\\n\\","    universal-selector: false\\n\\","*/\\n\\","* {\\n\\","    box-sizing: border-box;\\n\\","}\\n\\","body {\\n\\","    background: #dde;\\n\\","    font-family: Arial, Helvetica, sans-serif;\\n\\","    margin: 2rem;\\n\\","}\\n\\","body > * {\\n\\","    margin-bottom: 1rem;\\n\\","}\\n\\",".utility2FooterDiv {\\n\\","    margin-top: 20px;\\n\\","    text-align: center;\\n\\","}\\n\\","</style>\\n\\","<style>\\n\\","/*csslint\\n\\","*/\\n\\","textarea {\\n\\","    font-family: monospace;\\n\\","    height: 10rem;\\n\\","    width: 100%;\\n\\","}\\n\\","textarea[readonly] {\\n\\","    background: #ddd;\\n\\","}\\n\\","</style>\\n\\","</head>\\n\\","<body>\\n\\","<!-- utility2-comment\\n\\","<div id=\"ajaxProgressDiv1\" style=\"background: #d00; height: 2px; left: 0; margin: 0; padding: 0; position: fixed; top: 0; transition: background 0.5s, width 1.5s; width: 25%;\"></div>\\n\\","utility2-comment -->\\n\\","<h1>\\n\\","<!-- utility2-comment\\n\\","    <a\\n\\","        {{#if env.npm_package_homepage}}\\n\\","        href=\"{{env.npm_package_homepage}}\"\\n\\","        {{/if env.npm_package_homepage}}\\n\\","        target=\"_blank\"\\n\\","    >\\n\\","utility2-comment -->\\n\\","        {{env.npm_package_name}} (v{{env.npm_package_version}})\\n\\","<!-- utility2-comment\\n\\","    </a>\\n\\","utility2-comment -->\\n\\","</h1>\\n\\","<h3>{{env.npm_package_description}}</h3>\\n\\","<!-- utility2-comment\\n\\","<h4><a download href=\"assets.app.js\">download standalone app</a></h4>\\n\\","<button class=\"onclick onreset\" id=\"testRunButton1\">run internal test</button><br>\\n\\","<div id=\"testReportDiv1\" style=\"display: none;\"></div>\\n\\","utility2-comment -->\\n\\","\\n\\","\\n\\","\\n\\","<label>stderr and stdout</label>\\n\\","<textarea class=\"resettable\" id=\"outputTextareaStdout1\" readonly></textarea>\\n\\","<!-- utility2-comment\\n\\","{{#if isRollup}}\\n\\","<script src=\"assets.app.js\"></script>\\n\\","{{#unless isRollup}}\\n\\","utility2-comment -->\\n\\","<script src=\"assets.utility2.rollup.js\"></script>\\n\\","<script src=\"jsonp.utility2._stateInit?callback=window.utility2._stateInit\"></script>\\n\\","<script src=\"assets.npmtest_mjml.rollup.js\"></script>\\n\\","<script src=\"assets.example.js\"></script>\\n\\","<script src=\"assets.test.js\"></script>\\n\\","<!-- utility2-comment\\n\\","{{/if isRollup}}\\n\\","utility2-comment -->\\n\\","<div class=\"utility2FooterDiv\">\\n\\","    [ this app was created with\\n\\","    <a href=\"https://github.com/kaizhu256/node-utility2\" target=\"_blank\">utility2</a>\\n\\","    ]\\n\\","</div>\\n\\","</body>\\n\\","</html>\\n\\","';","        /* jslint-ignore-end */","        if (local.templateRender) {","            local.assetsDict['/'] = local.templateRender(","                local.assetsDict['/assets.index.template.html'],","                {","                    env: local.objectSetDefault(local.env, {","                        npm_package_description: 'the greatest app in the world!',","                        npm_package_name: 'my-app',","                        npm_package_nameAlias: 'my_app',","                        npm_package_version: '0.0.1'","                    })","                }","            );","        } else {","            local.assetsDict['/'] = local.assetsDict['/assets.index.template.html']","                .replace((/\\{\\{env\\.(\\w+?)\\}\\}/g), function (match0, match1) {","                    // jslint-hack","                    String(match0);","                    switch (match1) {","                    case 'npm_package_description':","                        return 'the greatest app in the world!';","                    case 'npm_package_name':","                        return 'my-app';","                    case 'npm_package_nameAlias':","                        return 'my_app';","                    case 'npm_package_version':","                        return '0.0.1';","                    }","                });","        }","        // run the cli","        if (local.global.utility2_rollup || module !== require.main) {","            break;","        }","        local.assetsDict['/assets.example.js'] =","            local.assetsDict['/assets.example.js'] ||","            local.fs.readFileSync(__filename, 'utf8');","        local.assetsDict['/assets.npmtest_mjml.rollup.js'] =","            local.assetsDict['/assets.npmtest_mjml.rollup.js'] ||","            local.fs.readFileSync(","                // buildCustomOrg-hack","                local.npmtest_mjml.__dirname +","                    '/lib.npmtest_mjml.js',","                'utf8'","            ).replace((/^#!/), '//');","        local.assetsDict['/favicon.ico'] = local.assetsDict['/favicon.ico'] || '';","        // if $npm_config_timeout_exit exists,","        // then exit this process after $npm_config_timeout_exit ms","        if (Number(process.env.npm_config_timeout_exit)) {","            setTimeout(process.exit, Number(process.env.npm_config_timeout_exit));","        }","        // start server","        if (local.global.utility2_serverHttp1) {","            break;","        }","        process.env.PORT = process.env.PORT || '8081';","        console.error('server starting on port ' + process.env.PORT);","        local.http.createServer(function (request, response) {","            request.urlParsed = local.url.parse(request.url);","            if (local.assetsDict[request.urlParsed.pathname] !== undefined) {","                response.end(local.assetsDict[request.urlParsed.pathname]);","                return;","            }","            response.statusCode = 404;","            response.end();","        }).listen(process.env.PORT);","        break;","    }","}());",""],"l":{"26":2,"28":2,"33":2,"35":2,"37":2,"38":2,"39":2,"44":1,"51":2,"55":2,"59":2,"61":2,"69":1,"70":2,"76":2,"79":2,"82":2,"83":2,"85":1,"89":2,"92":1,"93":1,"94":1,"96":1,"97":1,"100":1,"101":1,"103":1,"106":1,"108":2,"114":1,"116":1,"118":1,"123":1,"124":2,"125":2,"126":2,"127":2,"128":2,"129":2,"130":1,"133":2,"134":2,"139":2,"143":1,"144":3,"145":1,"149":1,"150":1,"158":1,"160":1,"161":1,"162":1,"164":1,"166":1,"258":1,"259":1,"271":1,"274":6,"275":6,"277":1,"279":2,"281":1,"283":2,"288":1,"289":1,"291":1,"294":1,"302":1,"305":1,"306":1,"309":1,"310":1,"312":1,"313":1,"314":1,"315":1,"316":1,"317":1,"318":1,"320":1,"321":1,"323":1}},"/home/travis/build/npmtest/node-npmtest-mjml/node_modules/mjml/lib/index.js":{"path":"/home/travis/build/npmtest/node-npmtest-mjml/node_modules/mjml/lib/index.js","s":{"1":1,"2":1,"3":1,"4":15,"5":0,"6":15,"7":30,"8":1,"9":1,"10":1,"11":1,"12":1,"13":1,"14":1,"15":1,"16":1,"17":1,"18":1,"19":1,"20":1,"21":1,"22":1,"23":1,"24":1,"25":1,"26":1,"27":1,"28":1,"29":1,"30":1,"31":1,"32":1,"33":1,"34":1,"35":1,"36":1,"37":1,"38":1,"39":1,"40":1,"41":1,"42":1,"43":1,"44":1,"45":1,"46":1,"47":1,"48":1,"49":1,"50":1,"51":1,"52":1,"53":1,"54":1,"55":1,"56":1,"57":1,"58":1,"59":1,"60":1,"61":26,"62":1,"63":1,"64":1,"65":1,"66":1,"67":1,"68":1,"69":4},"b":{"1":[0,15],"2":[15,15],"3":[25,1],"4":[26,26]},"f":{"1":15,"2":30,"3":26,"4":4},"fnMap":{"1":{"name":"(anonymous_1)","line":9,"loc":{"start":{"line":9,"column":31},"end":{"line":9,"column":46}}},"2":{"name":"get","line":13,"loc":{"start":{"line":13,"column":9},"end":{"line":13,"column":24}}},"3":{"name":"_interopRequireDefault","line":123,"loc":{"start":{"line":123,"column":0},"end":{"line":123,"column":37}}},"4":{"name":"(anonymous_4)","line":142,"loc":{"start":{"line":142,"column":126},"end":{"line":142,"column":145}}}},"statementMap":{"1":{"start":{"line":3,"column":0},"end":{"line":5,"column":3}},"2":{"start":{"line":7,"column":0},"end":{"line":7,"column":37}},"3":{"start":{"line":9,"column":0},"end":{"line":17,"column":3}},"4":{"start":{"line":10,"column":2},"end":{"line":10,"column":56}},"5":{"start":{"line":10,"column":49},"end":{"line":10,"column":56}},"6":{"start":{"line":11,"column":2},"end":{"line":16,"column":5}},"7":{"start":{"line":14,"column":6},"end":{"line":14,"column":28}},"8":{"start":{"line":19,"column":0},"end":{"line":19,"column":35}},"9":{"start":{"line":21,"column":0},"end":{"line":21,"column":43}},"10":{"start":{"line":23,"column":0},"end":{"line":23,"column":41}},"11":{"start":{"line":25,"column":0},"end":{"line":25,"column":55}},"12":{"start":{"line":27,"column":0},"end":{"line":27,"column":41}},"13":{"start":{"line":29,"column":0},"end":{"line":29,"column":55}},"14":{"start":{"line":31,"column":0},"end":{"line":31,"column":47}},"15":{"start":{"line":33,"column":0},"end":{"line":33,"column":61}},"16":{"start":{"line":35,"column":0},"end":{"line":35,"column":43}},"17":{"start":{"line":37,"column":0},"end":{"line":37,"column":57}},"18":{"start":{"line":39,"column":0},"end":{"line":39,"column":39}},"19":{"start":{"line":41,"column":0},"end":{"line":41,"column":53}},"20":{"start":{"line":43,"column":0},"end":{"line":43,"column":37}},"21":{"start":{"line":45,"column":0},"end":{"line":45,"column":51}},"22":{"start":{"line":47,"column":0},"end":{"line":47,"column":39}},"23":{"start":{"line":49,"column":0},"end":{"line":49,"column":53}},"24":{"start":{"line":51,"column":0},"end":{"line":51,"column":37}},"25":{"start":{"line":53,"column":0},"end":{"line":53,"column":51}},"26":{"start":{"line":55,"column":0},"end":{"line":55,"column":45}},"27":{"start":{"line":57,"column":0},"end":{"line":57,"column":59}},"28":{"start":{"line":59,"column":0},"end":{"line":59,"column":47}},"29":{"start":{"line":61,"column":0},"end":{"line":61,"column":61}},"30":{"start":{"line":63,"column":0},"end":{"line":63,"column":45}},"31":{"start":{"line":65,"column":0},"end":{"line":65,"column":59}},"32":{"start":{"line":67,"column":0},"end":{"line":67,"column":37}},"33":{"start":{"line":69,"column":0},"end":{"line":69,"column":51}},"34":{"start":{"line":71,"column":0},"end":{"line":71,"column":43}},"35":{"start":{"line":73,"column":0},"end":{"line":73,"column":57}},"36":{"start":{"line":75,"column":0},"end":{"line":75,"column":41}},"37":{"start":{"line":77,"column":0},"end":{"line":77,"column":55}},"38":{"start":{"line":79,"column":0},"end":{"line":79,"column":35}},"39":{"start":{"line":81,"column":0},"end":{"line":81,"column":49}},"40":{"start":{"line":83,"column":0},"end":{"line":83,"column":43}},"41":{"start":{"line":85,"column":0},"end":{"line":85,"column":57}},"42":{"start":{"line":87,"column":0},"end":{"line":87,"column":41}},"43":{"start":{"line":89,"column":0},"end":{"line":89,"column":55}},"44":{"start":{"line":91,"column":0},"end":{"line":91,"column":41}},"45":{"start":{"line":93,"column":0},"end":{"line":93,"column":55}},"46":{"start":{"line":95,"column":0},"end":{"line":95,"column":39}},"47":{"start":{"line":97,"column":0},"end":{"line":97,"column":53}},"48":{"start":{"line":99,"column":0},"end":{"line":99,"column":37}},"49":{"start":{"line":101,"column":0},"end":{"line":101,"column":51}},"50":{"start":{"line":103,"column":0},"end":{"line":103,"column":43}},"51":{"start":{"line":105,"column":0},"end":{"line":105,"column":57}},"52":{"start":{"line":107,"column":0},"end":{"line":107,"column":58}},"53":{"start":{"line":109,"column":0},"end":{"line":109,"column":71}},"54":{"start":{"line":111,"column":0},"end":{"line":111,"column":46}},"55":{"start":{"line":113,"column":0},"end":{"line":113,"column":59}},"56":{"start":{"line":115,"column":0},"end":{"line":115,"column":48}},"57":{"start":{"line":117,"column":0},"end":{"line":117,"column":61}},"58":{"start":{"line":119,"column":0},"end":{"line":119,"column":48}},"59":{"start":{"line":121,"column":0},"end":{"line":121,"column":61}},"60":{"start":{"line":123,"column":0},"end":{"line":123,"column":95}},"61":{"start":{"line":123,"column":39},"end":{"line":123,"column":93}},"62":{"start":{"line":125,"column":0},"end":{"line":128,"column":58}},"63":{"start":{"line":129,"column":0},"end":{"line":130,"column":49}},"64":{"start":{"line":131,"column":0},"end":{"line":132,"column":52}},"65":{"start":{"line":133,"column":0},"end":{"line":134,"column":57}},"66":{"start":{"line":135,"column":0},"end":{"line":137,"column":37}},"67":{"start":{"line":140,"column":0},"end":{"line":140,"column":535}},"68":{"start":{"line":142,"column":0},"end":{"line":144,"column":3}},"69":{"start":{"line":143,"column":2},"end":{"line":143,"column":55}}},"branchMap":{"1":{"line":10,"type":"if","locations":[{"start":{"line":10,"column":2},"end":{"line":10,"column":2}},{"start":{"line":10,"column":2},"end":{"line":10,"column":2}}]},"2":{"line":10,"type":"binary-expr","locations":[{"start":{"line":10,"column":6},"end":{"line":10,"column":23}},{"start":{"line":10,"column":27},"end":{"line":10,"column":47}}]},"3":{"line":123,"type":"cond-expr","locations":[{"start":{"line":123,"column":70},"end":{"line":123,"column":73}},{"start":{"line":123,"column":76},"end":{"line":123,"column":92}}]},"4":{"line":123,"type":"binary-expr","locations":[{"start":{"line":123,"column":46},"end":{"line":123,"column":49}},{"start":{"line":123,"column":53},"end":{"line":123,"column":67}}]}},"code":["'use strict';","","Object.defineProperty(exports, \"__esModule\", {","  value: true","});","","var _mjmlCore = require('mjml-core');","","Object.keys(_mjmlCore).forEach(function (key) {","  if (key === \"default\" || key === \"__esModule\") return;","  Object.defineProperty(exports, key, {","    enumerable: true,","    get: function get() {","      return _mjmlCore[key];","    }","  });","});","","var _each = require('lodash/each');","","var _each2 = _interopRequireDefault(_each);","","var _mjmlButton = require('mjml-button');","","var _mjmlButton2 = _interopRequireDefault(_mjmlButton);","","var _mjmlColumn = require('mjml-column');","","var _mjmlColumn2 = _interopRequireDefault(_mjmlColumn);","","var _mjmlContainer = require('mjml-container');","","var _mjmlContainer2 = _interopRequireDefault(_mjmlContainer);","","var _mjmlDivider = require('mjml-divider');","","var _mjmlDivider2 = _interopRequireDefault(_mjmlDivider);","","var _mjmlGroup = require('mjml-group');","","var _mjmlGroup2 = _interopRequireDefault(_mjmlGroup);","","var _mjmlHtml = require('mjml-html');","","var _mjmlHtml2 = _interopRequireDefault(_mjmlHtml);","","var _mjmlImage = require('mjml-image');","","var _mjmlImage2 = _interopRequireDefault(_mjmlImage);","","var _mjmlList = require('mjml-list');","","var _mjmlList2 = _interopRequireDefault(_mjmlList);","","var _mjmlLocation = require('mjml-location');","","var _mjmlLocation2 = _interopRequireDefault(_mjmlLocation);","","var _mjmlAccordion = require('mjml-accordion');","","var _mjmlAccordion2 = _interopRequireDefault(_mjmlAccordion);","","var _mjmlCarousel = require('mjml-carousel');","","var _mjmlCarousel2 = _interopRequireDefault(_mjmlCarousel);","","var _mjmlHero = require('mjml-hero');","","var _mjmlHero2 = _interopRequireDefault(_mjmlHero);","","var _mjmlInvoice = require('mjml-invoice');","","var _mjmlInvoice2 = _interopRequireDefault(_mjmlInvoice);","","var _mjmlNavbar = require('mjml-navbar');","","var _mjmlNavbar2 = _interopRequireDefault(_mjmlNavbar);","","var _mjmlRaw = require('mjml-raw');","","var _mjmlRaw2 = _interopRequireDefault(_mjmlRaw);","","var _mjmlSection = require('mjml-section');","","var _mjmlSection2 = _interopRequireDefault(_mjmlSection);","","var _mjmlSocial = require('mjml-social');","","var _mjmlSocial2 = _interopRequireDefault(_mjmlSocial);","","var _mjmlSpacer = require('mjml-spacer');","","var _mjmlSpacer2 = _interopRequireDefault(_mjmlSpacer);","","var _mjmlTable = require('mjml-table');","","var _mjmlTable2 = _interopRequireDefault(_mjmlTable);","","var _mjmlText = require('mjml-text');","","var _mjmlText2 = _interopRequireDefault(_mjmlText);","","var _mjmlWrapper = require('mjml-wrapper');","","var _mjmlWrapper2 = _interopRequireDefault(_mjmlWrapper);","","var _mjmlHeadAttributes = require('mjml-head-attributes');","","var _mjmlHeadAttributes2 = _interopRequireDefault(_mjmlHeadAttributes);","","var _mjmlHeadFont = require('mjml-head-font');","","var _mjmlHeadFont2 = _interopRequireDefault(_mjmlHeadFont);","","var _mjmlHeadStyle = require('mjml-head-style');","","var _mjmlHeadStyle2 = _interopRequireDefault(_mjmlHeadStyle);","","var _mjmlHeadTitle = require('mjml-head-title');","","var _mjmlHeadTitle2 = _interopRequireDefault(_mjmlHeadTitle);","","function _interopRequireDefault(obj) { return obj && obj.__esModule ? obj : { default: obj }; }","","var Accordion = _mjmlAccordion2.default.Accordion,","    AccordionElement = _mjmlAccordion2.default.AccordionElement,","    AccordionTitle = _mjmlAccordion2.default.AccordionTitle,","    AccordionText = _mjmlAccordion2.default.AccordionText;","var Hero = _mjmlHero2.default.Hero,","    HeroContent = _mjmlHero2.default.HeroContent;","var Invoice = _mjmlInvoice2.default.Invoice,","    InvoiceItem = _mjmlInvoice2.default.InvoiceItem;","var Carousel = _mjmlCarousel2.default.Carousel,","    CarouselImage = _mjmlCarousel2.default.CarouselImage;","var Navbar = _mjmlNavbar2.default.Navbar,","    InlineLinks = _mjmlNavbar2.default.InlineLinks,","    Link = _mjmlNavbar2.default.Link;","","","[Accordion, AccordionElement, AccordionTitle, AccordionText, _mjmlButton2.default, Carousel, CarouselImage, _mjmlColumn2.default, _mjmlContainer2.default, _mjmlDivider2.default, _mjmlGroup2.default, Hero, HeroContent, _mjmlHtml2.default, _mjmlImage2.default, InlineLinks, Invoice, InvoiceItem, Link, _mjmlList2.default, _mjmlLocation2.default, Navbar, _mjmlRaw2.default, _mjmlSection2.default, _mjmlSocial2.default, _mjmlSpacer2.default, _mjmlTable2.default, _mjmlText2.default, _mjmlWrapper2.default].map(_mjmlCore.registerMJElement);","","(0, _each2.default)([_mjmlHeadAttributes2.default, _mjmlHeadFont2.default, _mjmlHeadStyle2.default, _mjmlHeadTitle2.default], function (headTag) {","  return (0, _mjmlCore.registerMJHeadElement)(headTag);","});"],"l":{"3":1,"7":1,"9":1,"10":15,"11":15,"14":30,"19":1,"21":1,"23":1,"25":1,"27":1,"29":1,"31":1,"33":1,"35":1,"37":1,"39":1,"41":1,"43":1,"45":1,"47":1,"49":1,"51":1,"53":1,"55":1,"57":1,"59":1,"61":1,"63":1,"65":1,"67":1,"69":1,"71":1,"73":1,"75":1,"77":1,"79":1,"81":1,"83":1,"85":1,"87":1,"89":1,"91":1,"93":1,"95":1,"97":1,"99":1,"101":1,"103":1,"105":1,"107":1,"109":1,"111":1,"113":1,"115":1,"117":1,"119":1,"121":1,"123":26,"125":1,"129":1,"131":1,"133":1,"135":1,"140":1,"142":1,"143":4}},"/home/travis/build/npmtest/node-npmtest-mjml/node_modules/mjml-core/lib/index.js":{"path":"/home/travis/build/npmtest/node-npmtest-mjml/node_modules/mjml-core/lib/index.js","s":{"1":1,"2":1,"3":1,"4":1,"5":2,"6":1,"7":1,"8":1,"9":1,"10":1,"11":1,"12":1,"13":1,"14":1,"15":1,"16":1,"17":1,"18":1,"19":1,"20":1,"21":0,"22":0,"23":0,"24":0,"25":0,"26":0,"27":0,"28":1,"29":5,"30":1,"31":1,"32":1,"33":1,"34":1,"35":1,"36":1,"37":1,"38":1,"39":1,"40":1,"41":0,"42":0,"43":1,"44":0,"45":1,"46":1,"47":0,"48":0},"b":{"1":[1,0],"2":[1,1],"3":[0,0],"4":[0,0],"5":[5,0],"6":[5,5],"7":[0,0],"8":[0,0]},"f":{"1":2,"2":1,"3":5,"4":0,"5":0,"6":0},"fnMap":{"1":{"name":"get","line":12,"loc":{"start":{"line":12,"column":7},"end":{"line":12,"column":22}}},"2":{"name":"_interopRequireWildcard","line":41,"loc":{"start":{"line":41,"column":0},"end":{"line":41,"column":38}}},"3":{"name":"_interopRequireDefault","line":43,"loc":{"start":{"line":43,"column":0},"end":{"line":43,"column":37}}},"4":{"name":"documentParser","line":55,"loc":{"start":{"line":55,"column":46},"end":{"line":55,"column":91}}},"5":{"name":"version","line":60,"loc":{"start":{"line":60,"column":32},"end":{"line":60,"column":51}}},"6":{"name":"mjml2html","line":64,"loc":{"start":{"line":64,"column":36},"end":{"line":64,"column":61}}}},"statementMap":{"1":{"start":{"line":3,"column":0},"end":{"line":5,"column":3}},"2":{"start":{"line":6,"column":0},"end":{"line":6,"column":375}},"3":{"start":{"line":8,"column":0},"end":{"line":8,"column":52}},"4":{"start":{"line":10,"column":0},"end":{"line":15,"column":3}},"5":{"start":{"line":13,"column":4},"end":{"line":13,"column":37}},"6":{"start":{"line":17,"column":0},"end":{"line":17,"column":46}},"7":{"start":{"line":19,"column":0},"end":{"line":19,"column":59}},"8":{"start":{"line":21,"column":0},"end":{"line":21,"column":47}},"9":{"start":{"line":23,"column":0},"end":{"line":23,"column":61}},"10":{"start":{"line":25,"column":0},"end":{"line":25,"column":66}},"11":{"start":{"line":27,"column":0},"end":{"line":27,"column":79}},"12":{"start":{"line":29,"column":0},"end":{"line":29,"column":38}},"13":{"start":{"line":31,"column":0},"end":{"line":31,"column":51}},"14":{"start":{"line":33,"column":0},"end":{"line":33,"column":36}},"15":{"start":{"line":35,"column":0},"end":{"line":35,"column":48}},"16":{"start":{"line":37,"column":0},"end":{"line":37,"column":56}},"17":{"start":{"line":39,"column":0},"end":{"line":39,"column":58}},"18":{"start":{"line":41,"column":0},"end":{"line":41,"column":269}},"19":{"start":{"line":41,"column":40},"end":{"line":41,"column":267}},"20":{"start":{"line":41,"column":69},"end":{"line":41,"column":80}},"21":{"start":{"line":41,"column":90},"end":{"line":41,"column":106}},"22":{"start":{"line":41,"column":107},"end":{"line":41,"column":228}},"23":{"start":{"line":41,"column":126},"end":{"line":41,"column":226}},"24":{"start":{"line":41,"column":149},"end":{"line":41,"column":224}},"25":{"start":{"line":41,"column":201},"end":{"line":41,"column":224}},"26":{"start":{"line":41,"column":229},"end":{"line":41,"column":250}},"27":{"start":{"line":41,"column":251},"end":{"line":41,"column":265}},"28":{"start":{"line":43,"column":0},"end":{"line":43,"column":95}},"29":{"start":{"line":43,"column":39},"end":{"line":43,"column":93}},"30":{"start":{"line":45,"column":0},"end":{"line":45,"column":44}},"31":{"start":{"line":46,"column":0},"end":{"line":46,"column":46}},"32":{"start":{"line":47,"column":0},"end":{"line":47,"column":70}},"33":{"start":{"line":48,"column":0},"end":{"line":48,"column":52}},"34":{"start":{"line":49,"column":0},"end":{"line":49,"column":26}},"35":{"start":{"line":50,"column":0},"end":{"line":50,"column":64}},"36":{"start":{"line":51,"column":0},"end":{"line":51,"column":46}},"37":{"start":{"line":52,"column":0},"end":{"line":52,"column":69}},"38":{"start":{"line":53,"column":0},"end":{"line":53,"column":55}},"39":{"start":{"line":54,"column":0},"end":{"line":54,"column":57}},"40":{"start":{"line":55,"column":0},"end":{"line":59,"column":2}},"41":{"start":{"line":56,"column":2},"end":{"line":56,"column":61}},"42":{"start":{"line":58,"column":2},"end":{"line":58,"column":45}},"43":{"start":{"line":60,"column":0},"end":{"line":62,"column":2}},"44":{"start":{"line":61,"column":2},"end":{"line":61,"column":17}},"45":{"start":{"line":63,"column":0},"end":{"line":63,"column":68}},"46":{"start":{"line":64,"column":0},"end":{"line":67,"column":2}},"47":{"start":{"line":65,"column":2},"end":{"line":65,"column":87}},"48":{"start":{"line":66,"column":2},"end":{"line":66,"column":60}}},"branchMap":{"1":{"line":41,"type":"if","locations":[{"start":{"line":41,"column":40},"end":{"line":41,"column":40}},{"start":{"line":41,"column":40},"end":{"line":41,"column":40}}]},"2":{"line":41,"type":"binary-expr","locations":[{"start":{"line":41,"column":44},"end":{"line":41,"column":47}},{"start":{"line":41,"column":51},"end":{"line":41,"column":65}}]},"3":{"line":41,"type":"if","locations":[{"start":{"line":41,"column":107},"end":{"line":41,"column":107}},{"start":{"line":41,"column":107},"end":{"line":41,"column":107}}]},"4":{"line":41,"type":"if","locations":[{"start":{"line":41,"column":149},"end":{"line":41,"column":149}},{"start":{"line":41,"column":149},"end":{"line":41,"column":149}}]},"5":{"line":43,"type":"cond-expr","locations":[{"start":{"line":43,"column":70},"end":{"line":43,"column":73}},{"start":{"line":43,"column":76},"end":{"line":43,"column":92}}]},"6":{"line":43,"type":"binary-expr","locations":[{"start":{"line":43,"column":46},"end":{"line":43,"column":49}},{"start":{"line":43,"column":53},"end":{"line":43,"column":67}}]},"7":{"line":65,"type":"cond-expr","locations":[{"start":{"line":65,"column":69},"end":{"line":65,"column":81}},{"start":{"line":65,"column":84},"end":{"line":65,"column":86}}]},"8":{"line":65,"type":"binary-expr","locations":[{"start":{"line":65,"column":16},"end":{"line":65,"column":36}},{"start":{"line":65,"column":40},"end":{"line":65,"column":66}}]}},"code":["'use strict';","","Object.defineProperty(exports, \"__esModule\", {","  value: true","});","exports.mjml2html = exports.MJMLValidator = exports.version = exports.mjIncludeRegexp = exports.documentParser = exports.rulesCollection = exports.registerMJRule = exports.formatValidationError = exports.MJMLHeadElements = exports.registerMJHeadElement = exports.helpers = exports.elements = exports.registerMJElement = exports.MJMLRenderer = exports.MJMLElement = undefined;","","var _includeExternal = require('./includeExternal');","","Object.defineProperty(exports, 'mjIncludeRegexp', {","  enumerable: true,","  get: function get() {","    return _includeExternal.includes;","  }","});","","var _MJMLRenderer = require('./MJMLRenderer');","","var _MJMLRenderer2 = _interopRequireDefault(_MJMLRenderer);","","var _mjmlValidator = require('mjml-validator');","","var _mjmlValidator2 = _interopRequireDefault(_mjmlValidator);","","var _MJMLElementsCollection = require('./MJMLElementsCollection');","","var _MJMLElementsCollection2 = _interopRequireDefault(_MJMLElementsCollection);","","var _MJMLHead = require('./MJMLHead');","","var _MJMLHead2 = _interopRequireDefault(_MJMLHead);","","var _helpers = require('./helpers');","","var helpers = _interopRequireWildcard(_helpers);","","var _MJMLElement2 = require('./decorators/MJMLElement');","","var _MJMLElement3 = _interopRequireDefault(_MJMLElement2);","","function _interopRequireWildcard(obj) { if (obj && obj.__esModule) { return obj; } else { var newObj = {}; if (obj != null) { for (var key in obj) { if (Object.prototype.hasOwnProperty.call(obj, key)) newObj[key] = obj[key]; } } newObj.default = obj; return newObj; } }","","function _interopRequireDefault(obj) { return obj && obj.__esModule ? obj : { default: obj }; }","","exports.MJMLElement = _MJMLElement3.default;","exports.MJMLRenderer = _MJMLRenderer2.default;","exports.registerMJElement = _MJMLElementsCollection.registerMJElement;","exports.elements = _MJMLElementsCollection2.default;","exports.helpers = helpers;","exports.registerMJHeadElement = _MJMLHead.registerMJHeadElement;","exports.MJMLHeadElements = _MJMLHead2.default;","exports.formatValidationError = _mjmlValidator.formatValidationError;","exports.registerMJRule = _mjmlValidator.registerMJRule;","exports.rulesCollection = _mjmlValidator.rulesCollection;","var documentParser = exports.documentParser = function documentParser(content, attributes) {","  var documentParser = require('./parsers/document').default;","","  return documentParser(content, attributes);","};","var version = exports.version = function version() {","  return '3.3.0';","};","var MJMLValidator = exports.MJMLValidator = _mjmlValidator2.default;","var mjml2html = exports.mjml2html = function mjml2html(mjml) {","  var options = arguments.length > 1 && arguments[1] !== undefined ? arguments[1] : {};","  return new _MJMLRenderer2.default(mjml, options).render();","};"],"l":{"3":1,"6":1,"8":1,"10":1,"13":2,"17":1,"19":1,"21":1,"23":1,"25":1,"27":1,"29":1,"31":1,"33":1,"35":1,"37":1,"39":1,"41":1,"43":5,"45":1,"46":1,"47":1,"48":1,"49":1,"50":1,"51":1,"52":1,"53":1,"54":1,"55":1,"56":0,"58":0,"60":1,"61":0,"63":1,"64":1,"65":0,"66":0}},"/home/travis/build/npmtest/node-npmtest-mjml/node_modules/mjml-core/lib/includeExternal.js":{"path":"/home/travis/build/npmtest/node-npmtest-mjml/node_modules/mjml-core/lib/includeExternal.js","s":{"1":1,"2":1,"3":1,"4":1,"5":1,"6":1,"7":1,"8":2,"9":1,"10":1,"11":0,"12":1,"13":0,"14":1,"15":0,"16":1,"17":0,"18":0,"19":0,"20":0,"21":1,"22":0,"23":0,"24":0,"25":0,"26":0,"27":0,"28":0,"29":0,"30":0,"31":0,"32":0,"33":0,"34":0,"35":0,"36":0,"37":1,"38":0,"39":0,"40":0,"41":0,"42":0,"43":0,"44":0,"45":0,"46":0,"47":0},"b":{"1":[0,2],"2":[2,2],"3":[0,0],"4":[0,0],"5":[0,0,0],"6":[0,0],"7":[0,0],"8":[0,0],"9":[0,0],"10":[0,0],"11":[0,0],"12":[0,0],"13":[0,0],"14":[0,0],"15":[0,0]},"f":{"1":2,"2":0,"3":0,"4":0,"5":0,"6":0,"7":0},"fnMap":{"1":{"name":"_interopRequireDefault","line":16,"loc":{"start":{"line":16,"column":0},"end":{"line":16,"column":37}}},"2":{"name":"getBodyContent","line":20,"loc":{"start":{"line":20,"column":21},"end":{"line":20,"column":52}}},"3":{"name":"getHeadContent","line":23,"loc":{"start":{"line":23,"column":21},"end":{"line":23,"column":52}}},"4":{"name":"ensureMJMLFile","line":26,"loc":{"start":{"line":26,"column":21},"end":{"line":26,"column":51}}},"5":{"name":"parseDocument","line":29,"loc":{"start":{"line":29,"column":20},"end":{"line":29,"column":50}}},"6":{"name":"replaceContent","line":41,"loc":{"start":{"line":41,"column":21},"end":{"line":41,"column":81}}},"7":{"name":"(anonymous_7)","line":75,"loc":{"start":{"line":75,"column":18},"end":{"line":75,"column":44}}}},"statementMap":{"1":{"start":{"line":3,"column":0},"end":{"line":5,"column":3}},"2":{"start":{"line":6,"column":0},"end":{"line":6,"column":29}},"3":{"start":{"line":8,"column":0},"end":{"line":8,"column":24}},"4":{"start":{"line":10,"column":0},"end":{"line":10,"column":39}},"5":{"start":{"line":12,"column":0},"end":{"line":12,"column":28}},"6":{"start":{"line":14,"column":0},"end":{"line":14,"column":43}},"7":{"start":{"line":16,"column":0},"end":{"line":16,"column":95}},"8":{"start":{"line":16,"column":39},"end":{"line":16,"column":93}},"9":{"start":{"line":18,"column":0},"end":{"line":18,"column":105}},"10":{"start":{"line":20,"column":0},"end":{"line":22,"column":2}},"11":{"start":{"line":21,"column":2},"end":{"line":21,"column":80}},"12":{"start":{"line":23,"column":0},"end":{"line":25,"column":2}},"13":{"start":{"line":24,"column":2},"end":{"line":24,"column":70}},"14":{"start":{"line":26,"column":0},"end":{"line":28,"column":2}},"15":{"start":{"line":27,"column":2},"end":{"line":27,"column":62}},"16":{"start":{"line":29,"column":0},"end":{"line":39,"column":2}},"17":{"start":{"line":30,"column":2},"end":{"line":30,"column":82}},"18":{"start":{"line":34,"column":2},"end":{"line":36,"column":3}},"19":{"start":{"line":35,"column":4},"end":{"line":35,"column":30}},"20":{"start":{"line":38,"column":2},"end":{"line":38,"column":19}},"21":{"start":{"line":41,"column":0},"end":{"line":73,"column":2}},"22":{"start":{"line":42,"column":2},"end":{"line":42,"column":101}},"23":{"start":{"line":43,"column":2},"end":{"line":43,"column":23}},"24":{"start":{"line":45,"column":2},"end":{"line":49,"column":3}},"25":{"start":{"line":46,"column":4},"end":{"line":46,"column":58}},"26":{"start":{"line":48,"column":4},"end":{"line":48,"column":83}},"27":{"start":{"line":51,"column":2},"end":{"line":53,"column":33}},"28":{"start":{"line":55,"column":2},"end":{"line":57,"column":3}},"29":{"start":{"line":56,"column":4},"end":{"line":56,"column":89}},"30":{"start":{"line":59,"column":2},"end":{"line":66,"column":3}},"31":{"start":{"line":60,"column":4},"end":{"line":60,"column":38}},"32":{"start":{"line":61,"column":4},"end":{"line":61,"column":135}},"33":{"start":{"line":65,"column":4},"end":{"line":65,"column":46}},"34":{"start":{"line":68,"column":2},"end":{"line":70,"column":3}},"35":{"start":{"line":69,"column":4},"end":{"line":69,"column":141}},"36":{"start":{"line":72,"column":2},"end":{"line":72,"column":23}},"37":{"start":{"line":75,"column":0},"end":{"line":92,"column":2}},"38":{"start":{"line":76,"column":2},"end":{"line":76,"column":31}},"39":{"start":{"line":78,"column":2},"end":{"line":78,"column":21}},"40":{"start":{"line":79,"column":2},"end":{"line":79,"column":22}},"41":{"start":{"line":80,"column":2},"end":{"line":80,"column":76}},"42":{"start":{"line":81,"column":2},"end":{"line":81,"column":108}},"43":{"start":{"line":83,"column":2},"end":{"line":89,"column":3}},"44":{"start":{"line":84,"column":4},"end":{"line":86,"column":5}},"45":{"start":{"line":85,"column":6},"end":{"line":85,"column":75}},"46":{"start":{"line":88,"column":4},"end":{"line":88,"column":77}},"47":{"start":{"line":91,"column":2},"end":{"line":91,"column":14}}},"branchMap":{"1":{"line":16,"type":"cond-expr","locations":[{"start":{"line":16,"column":70},"end":{"line":16,"column":73}},{"start":{"line":16,"column":76},"end":{"line":16,"column":92}}]},"2":{"line":16,"type":"binary-expr","locations":[{"start":{"line":16,"column":46},"end":{"line":16,"column":49}},{"start":{"line":16,"column":53},"end":{"line":16,"column":67}}]},"3":{"line":21,"type":"binary-expr","locations":[{"start":{"line":21,"column":10},"end":{"line":21,"column":69}},{"start":{"line":21,"column":73},"end":{"line":21,"column":75}}]},"4":{"line":24,"type":"binary-expr","locations":[{"start":{"line":24,"column":10},"end":{"line":24,"column":59}},{"start":{"line":24,"column":63},"end":{"line":24,"column":65}}]},"5":{"line":27,"type":"binary-expr","locations":[{"start":{"line":27,"column":9},"end":{"line":27,"column":35}},{"start":{"line":27,"column":39},"end":{"line":27,"column":43}},{"start":{"line":27,"column":47},"end":{"line":27,"column":61}}]},"6":{"line":34,"type":"if","locations":[{"start":{"line":34,"column":2},"end":{"line":34,"column":2}},{"start":{"line":34,"column":2},"end":{"line":34,"column":2}}]},"7":{"line":34,"type":"binary-expr","locations":[{"start":{"line":34,"column":6},"end":{"line":34,"column":24}},{"start":{"line":34,"column":28},"end":{"line":34,"column":43}}]},"8":{"line":55,"type":"if","locations":[{"start":{"line":55,"column":2},"end":{"line":55,"column":2}},{"start":{"line":55,"column":2},"end":{"line":55,"column":2}}]},"9":{"line":55,"type":"binary-expr","locations":[{"start":{"line":55,"column":6},"end":{"line":55,"column":14}},{"start":{"line":55,"column":18},"end":{"line":55,"column":23}}]},"10":{"line":59,"type":"if","locations":[{"start":{"line":59,"column":2},"end":{"line":59,"column":2}},{"start":{"line":59,"column":2},"end":{"line":59,"column":2}}]},"11":{"line":68,"type":"if","locations":[{"start":{"line":68,"column":2},"end":{"line":68,"column":2}},{"start":{"line":68,"column":2},"end":{"line":68,"column":2}}]},"12":{"line":72,"type":"binary-expr","locations":[{"start":{"line":72,"column":9},"end":{"line":72,"column":16}},{"start":{"line":72,"column":20},"end":{"line":72,"column":22}}]},"13":{"line":80,"type":"cond-expr","locations":[{"start":{"line":80,"column":27},"end":{"line":80,"column":59}},{"start":{"line":80,"column":62},"end":{"line":80,"column":75}}]},"14":{"line":83,"type":"if","locations":[{"start":{"line":83,"column":2},"end":{"line":83,"column":2}},{"start":{"line":83,"column":2},"end":{"line":83,"column":2}}]},"15":{"line":84,"type":"if","locations":[{"start":{"line":84,"column":4},"end":{"line":84,"column":4}},{"start":{"line":84,"column":4},"end":{"line":84,"column":4}}]}},"code":["'use strict';","","Object.defineProperty(exports, \"__esModule\", {","  value: true","});","exports.includes = undefined;","","var _fs = require('fs');","","var _fs2 = _interopRequireDefault(_fs);","","var _path = require('path');","","var _path2 = _interopRequireDefault(_path);","","function _interopRequireDefault(obj) { return obj && obj.__esModule ? obj : { default: obj }; }","","var includes = exports.includes = /<mj-include\\s+path=['\"](.*[\\.mjml]?)['\"]\\s*(\\/>|>\\s*<\\/mj-include>)/g;","","var getBodyContent = function getBodyContent(input) {","  return (/<mj-container[^>]*>([\\s\\S]*?)<\\/mj-container>/.exec(input) || [])[1];","};","var getHeadContent = function getHeadContent(input) {","  return (/<mj-head[^>]*>([\\s\\S]*?)<\\/mj-head>/.exec(input) || [])[1];","};","var ensureMJMLFile = function ensureMJMLFile(file) {","  return file.trim().match(/.mjml/) && file || file + '.mjml';","};","var parseDocument = function parseDocument(input) {","  var internals = { content: getBodyContent(input), head: getHeadContent(input) };","","  // Neither mj-container or mj-head inside the document","  // So we assume that entire file is a just plain MJML content","  if (!internals.content && !internals.head) {","    internals.content = input;","  }","","  return internals;","};","","var replaceContent = function replaceContent(currentDir, headStack, _, fileName) {","  var filePath = _path2.default.normalize(_path2.default.join(currentDir, ensureMJMLFile(fileName)));","  var partial = void 0;","","  try {","    partial = _fs2.default.readFileSync(filePath, 'utf8');","  } catch (e) {","    return '<mj-raw><!-- mj-include: file not found ' + filePath + ' --></mj-raw>';","  }","","  var _parseDocument = parseDocument(partial),","      content = _parseDocument.content,","      head = _parseDocument.head; // eslint-disable-line prefer-const","","  if (!content && !head) {","    throw new Error('Error while reading file: ' + filePath + ', file has no content ?');","  }","","  if (head) {","    var headLength = headStack.length;","    head = head.replace(includes, replaceContent.bind(undefined, _path2.default.resolve(_path2.default.dirname(filePath)), headStack));","    // head.replace can add new element to the array","    // we have to keep the initial position where we want to insert","    // current mj-head in order to keep d
[...]
), _possibleConstructorReturn(_this, _ret);","  }","","  _createClass(Spacer, [{","    key: 'getStyles',","    value: function getStyles() {","      var _props = this.props,","          mjAttribute = _props.mjAttribute,","          defaultUnit = _props.defaultUnit;","","","      return {","        div: {","          fontSize: '1px',","          lineHeight: defaultUnit(mjAttribute('height')),","          whiteSpace: 'nowrap'","        }","      };","    }","  }, {","    key: 'render',","    value: function render() {","      return _react2.default.createElement('div', {","        dangerouslySetInnerHTML: { __html: '&nbsp;' },","        style: this.styles.div });","    }","  }]);","","  return Spacer;","}(_react.Component)) || _class;","","Spacer.tagName = tagName;","Spacer.parentTag = parentTag;","Spacer.selfClosingTag = selfClosingTag;","Spacer.defaultMJMLDefinition = defaultMJMLDefinition;","","exports.default = Spacer;"],"l":{"3":1,"7":2,"9":1,"11":1,"13":1,"15":1,"17":1,"19":1,"21":1,"23":1,"25":1,"26":1,"27":1,"28":1,"41":1,"42":1,"44":1,"45":0,"47":0,"49":0,"51":0,"52":0,"55":0,"58":1,"61":0,"66":0,"77":0,"83":1,"86":1,"87":1,"88":1,"89":1,"91":1}},"/home/travis/build/npmtest/node-npmtest-mjml/node_modules/mjml-wrapper/lib/index.js":{"path":"/home/travis/build/npmtest/node-npmtest-mjml/node_modules/mjml-wrapper/lib/index.js","s":{"1":1,"2":1,"3":1,"4":1,"5":1,"6":1,"7":1,"8":2,"9":1,"10":0,"11":0,"12":1,"13":0,"14":0,"15":0,"16":1,"17":1,"18":0,"19":1,"20":1,"21":1,"22":1,"23":1,"24":1,"25":1,"26":0,"27":0,"28":0,"29":0,"30":0,"31":0,"32":0,"33":0,"34":1,"35":1,"36":1,"37":0,"38":0,"39":1,"40":1,"41":1,"42":1,"43":1,"44":1},"b":{"1":[1,1],"2":[2,2],"3":[0,0],"4":[0,0],"5":[0,0],"6":[0,0,0],"7":[0,1],"8":[1,0],"9":[1,1],"10":[1,0],"11":[1,0],"12":[0,0]},"f":{"1":2,"2":0,"3":0,"4":1,"5":0,"6":0,"7":0,"8":0,"9":1,"10":0},"fnMap":{"1":{"name":"_interopRequireDefault","line":17,"loc":{"start":{"line":17,"column":0},"end":{"line":17,"column":37}}},"2":{"name":"_classCallCheck","line":19,"loc":{"start":{"line":19,"column":0},"end":{"line":19,"column":48}}},"3":{"name":"_possibleConstructorReturn","line":21,"loc":{"start":{"line":21,"column":0},"end":{"line":21,"column":48}}},"4":{"name":"_inherits","line":23,"loc":{"start":{"line":23,"column":0},"end":{"line":23,"column":41}}},"5":{"name":"postRender","line":30,"loc":{"start":{"line":30,"column":17},"end":{"line":30,"column":40}}},"6":{"name":"(anonymous_6)","line":31,"loc":{"start":{"line":31,"column":37},"end":{"line":31,"column":49}}},"7":{"name":"(anonymous_7)","line":35,"loc":{"start":{"line":35,"column":37},"end":{"line":35,"column":49}}},"8":{"name":"(anonymous_8)","line":41,"loc":{"start":{"line":41,"column":38},"end":{"line":41,"column":50}}},"9":{"name":"(anonymous_9)","line":48,"loc":{"start":{"line":48,"column":14},"end":{"line":48,"column":34}}},"10":{"name":"Wrapper","line":51,"loc":{"start":{"line":51,"column":2},"end":{"line":51,"column":21}}}},"statementMap":{"1":{"start":{"line":3,"column":0},"end":{"line":5,"column":3}},"2":{"start":{"line":7,"column":0},"end":{"line":7,"column":37}},"3":{"start":{"line":9,"column":0},"end":{"line":9,"column":37}},"4":{"start":{"line":11,"column":0},"end":{"line":11,"column":45}},"5":{"start":{"line":13,"column":0},"end":{"line":13,"column":43}},"6":{"start":{"line":15,"column":0},"end":{"line":15,"column":57}},"7":{"start":{"line":17,"column":0},"end":{"line":17,"column":95}},"8":{"start":{"line":17,"column":39},"end":{"line":17,"column":93}},"9":{"start":{"line":19,"column":0},"end":{"line":19,"column":153}},"10":{"start":{"line":19,"column":50},"end":{"line":19,"column":151}},"11":{"start":{"line":19,"column":92},"end":{"line":19,"column":149}},"12":{"start":{"line":21,"column":0},"end":{"line":21,"column":240}},"13":{"start":{"line":21,"column":50},"end":{"line":21,"column":151}},"14":{"start":{"line":21,"column":63},"end":{"line":21,"column":149}},"15":{"start":{"line":21,"column":152},"end":{"line":21,"column":238}},"16":{"start":{"line":23,"column":0},"end":{"line":23,"column":494}},"17":{"start":{"line":23,"column":43},"end":{"line":23,"column":208}},"18":{"start":{"line":23,"column":106},"end":{"line":23,"column":206}},"19":{"start":{"line":23,"column":209},"end":{"line":23,"column":373}},"20":{"start":{"line":23,"column":374},"end":{"line":23,"column":492}},"21":{"start":{"line":23,"column":390},"end":{"line":23,"column":492}},"22":{"start":{"line":25,"column":0},"end":{"line":25,"column":27}},"23":{"start":{"line":26,"column":0},"end":{"line":26,"column":33}},"24":{"start":{"line":27,"column":0},"end":{"line":29,"column":3}},"25":{"start":{"line":30,"column":0},"end":{"line":46,"column":2}},"26":{"start":{"line":31,"column":2},"end":{"line":33,"column":5}},"27":{"start":{"line":32,"column":4},"end":{"line":32,"column":257}},"28":{"start":{"line":35,"column":2},"end":{"line":39,"column":5}},"29":{"start":{"line":36,"column":4},"end":{"line":36,"column":48}},"30":{"start":{"line":38,"column":4},"end":{"line":38,"column":171}},"31":{"start":{"line":41,"column":2},"end":{"line":43,"column":5}},"32":{"start":{"line":42,"column":4},"end":{"line":42,"column":140}},"33":{"start":{"line":45,"column":2},"end":{"line":45,"column":11}},"34":{"start":{"line":48,"column":0},"end":{"line":58,"column":25}},"35":{"start":{"line":49,"column":2},"end":{"line":49,"column":31}},"36":{"start":{"line":51,"column":2},"end":{"line":55,"column":3}},"37":{"start":{"line":52,"column":4},"end":{"line":52,"column":35}},"38":{"start":{"line":54,"column":4},"end":{"line":54,"column":122}},"39":{"start":{"line":57,"column":2},"end":{"line":57,"column":17}},"40":{"start":{"line":60,"column":0},"end":{"line":60,"column":26}},"41":{"start":{"line":61,"column":0},"end":{"line":61,"column":30}},"42":{"start":{"line":62,"column":0},"end":{"line":62,"column":32}},"43":{"start":{"line":63,"column":0},"end":{"line":63,"column":54}},"44":{"start":{"line":65,"column":0},"end":{"line":65,"column":26}}},"branchMap":{"1":{"line":17,"type":"cond-expr","locations":[{"start":{"line":17,"column":70},"end":{"line":17,"column":73}},{"start":{"line":17,"column":76},"end":{"line":17,"column":92}}]},"2":{"line":17,"type":"binary-expr","locations":[{"start":{"line":17,"column":46},"end":{"line":17,"column":49}},{"start":{"line":17,"column":53},"end":{"line":17,"column":67}}]},"3":{"line":19,"type":"if","locations":[{"start":{"line":19,"column":50},"end":{"line":19,"column":50}},{"start":{"line":19,"column":50},"end":{"line":19,"column":50}}]},"4":{"line":21,"type":"if","locations":[{"start":{"line":21,"column":50},"end":{"line":21,"column":50}},{"start":{"line":21,"column":50},"end":{"line":21,"column":50}}]},"5":{"line":21,"type":"cond-expr","locations":[{"start":{"line":21,"column":226},"end":{"line":21,"column":230}},{"start":{"line":21,"column":233},"end":{"line":21,"column":237}}]},"6":{"line":21,"type":"binary-expr","locations":[{"start":{"line":21,"column":159},"end":{"line":21,"column":163}},{"start":{"line":21,"column":168},"end":{"line":21,"column":192}},{"start":{"line":21,"column":196},"end":{"line":21,"column":222}}]},"7":{"line":23,"type":"if","locations":[{"start":{"line":23,"column":43},"end":{"line":23,"column":43}},{"start":{"line":23,"column":43},"end":{"line":23,"column":43}}]},"8":{"line":23,"type":"binary-expr","locations":[{"start":{"line":23,"column":47},"end":{"line":23,"column":79}},{"start":{"line":23,"column":83},"end":{"line":23,"column":102}}]},"9":{"line":23,"type":"binary-expr","locations":[{"start":{"line":23,"column":244},"end":{"line":23,"column":254}},{"start":{"line":23,"column":258},"end":{"line":23,"column":278}}]},"10":{"line":23,"type":"if","locations":[{"start":{"line":23,"column":374},"end":{"line":23,"column":374}},{"start":{"line":23,"column":374},"end":{"line":23,"column":374}}]},"11":{"line":23,"type":"cond-expr","locations":[{"start":{"line":23,"column":414},"end":{"line":23,"column":457}},{"start":{"line":23,"column":460},"end":{"line":23,"column":491}}]},"12":{"line":54,"type":"binary-expr","locations":[{"start":{"line":54,"column":45},"end":{"line":54,"column":62}},{"start":{"line":54,"column":66},"end":{"line":54,"column":96}}]}},"code":["'use strict';","","Object.defineProperty(exports, \"__esModule\", {","  value: true","});","","var _mjmlCore = require('mjml-core');","","var _merge = require('lodash/merge');","","var _merge2 = _interopRequireDefault(_merge);","","var _mjmlSection = require('mjml-section');","","var _mjmlSection2 = _interopRequireDefault(_mjmlSection);","","function _interopRequireDefault(obj) { return obj && obj.__esModule ? obj : { default: obj }; }","","function _classCallCheck(instance, Constructor) { if (!(instance instanceof Constructor)) { throw new TypeError(\"Cannot call a class as a function\"); } }","","function _possibleConstructorReturn(self, call) { if (!self) { throw new ReferenceError(\"this hasn't been initialised - super() hasn't been called\"); } return call && (typeof call === \"object\" || typeof call === \"function\") ? call : self; }","","function _inherits(subClass, superClass) { if (typeof superClass !== \"function\" && superClass !== null) { throw new TypeError(\"Super expression must either be null or a function, not \" + typeof superClass); } subClass.prototype = Object.create(superClass && superClass.prototype, { constructor: { value: subClass, enumerable: false, writable: true, configurable: true } }); if (superClass) Object.setPrototypeOf ? Object.setPrototypeOf(subClass, superClass) : subClass.__proto__ = superClass; }","","var tagName = 'mj-wrapper';","var parentTag = ['mj-container'];","var defaultMJMLDefinition = (0, _merge2.default)({}, _mjmlSection2.default.defaultMJMLDefinition, {","  inheritedAttributes: ['width']","});","var postRender = function postRender($) {","  $('.mj-wrapper-outlook-open').each(function () {","    $(this).replaceWith(_mjmlCore.helpers.startConditionalTag + '\\n      <table role=\"presentation\" border=\"0\" cellpadding=\"0\" cellspacing=\"0\"><tr><td style=\"width:' + parseInt($(this).data('width')) + 'px;\">\\n      ' + _mjmlCore.helpers.endConditionalTag);","  });","","  $('.mj-wrapper-outlook-line').each(function () {","    var width = parseInt($(this).data('width'));","","    $(this).replaceWith(_mjmlCore.helpers.startConditionalTag + '\\n      </td></tr><tr><td style=\"width:' + width + 'px;\">\\n      ' + _mjmlCore.helpers.endConditionalTag);","  });","","  $('.mj-wrapper-outlook-close').each(function () {","    $(this).replaceWith(_mjmlCore.helpers.startConditionalTag + '\\n      </td></tr></table>\\n      ' + _mjmlCore.helpers.endConditionalTag);","  });","","  return $;","};","","var Wrapper = function (_Section) {","  _inherits(Wrapper, _Section);","","  function Wrapper() {","    _classCallCheck(this, Wrapper);","","    return _possibleConstructorReturn(this, (Wrapper.__proto__ || Object.getPrototypeOf(Wrapper)).apply(this, arguments));","  }","","  return Wrapper;","}(_mjmlSection2.default);","","Wrapper.tagName = tagName;","Wrapper.parentTag = parentTag;","Wrapper.postRender = postRender;","Wrapper.defaultMJMLDefinition = defaultMJMLDefinition;","","exports.default = Wrapper;"],"l":{"3":1,"7":1,"9":1,"11":1,"13":1,"15":1,"17":2,"19":1,"21":1,"23":1,"25":1,"26":1,"27":1,"30":1,"31":0,"32":0,"35":0,"36":0,"38":0,"41":0,"42":0,"45":0,"48":1,"49":1,"51":1,"52":0,"54":0,"57":1,"60":1,"61":1,"62":1,"63":1,"65":1}},"/home/travis/build/npmtest/node-npmtest-mjml/node_modules/mjml-head-attributes/lib/index.js":{"path":"/home/travis/build/npmtest/node-npmtest-mjml/node_modules/mjml-head-attributes/lib/index.js","s":{"1":1,"2":1,"3":1,"4":1,"5":1,"6":1,"7":1,"8":1,"9":3,"10":1,"11":0,"12":0,"13":0,"14":0,"15":0},"b":{"1":[0,3],"2":[3,3],"3":[0,0]},"f":{"1":3,"2":0,"3":0},"fnMap":{"1":{"name":"_interopRequireDefault","line":19,"loc":{"start":{"line":19,"column":0},"end":{"line":19,"column":37}}},"2":{"name":"handler","line":23,"loc":{"start":{"line":23,"column":11},"end":{"line":23,"column":55}}},"3":{"name":"(anonymous_3)","line":24,"loc":{"start":{"line":24,"column":42},"end":{"line":24,"column":58}}}},"statementMap":{"1":{"start":{"line":3,"column":0},"end":{"line":5,"column":3}},"2":{"start":{"line":7,"column":0},"end":{"line":7,"column":35}},"3":{"start":{"line":9,"column":0},"end":{"line":9,"column":43}},"4":{"start":{"line":11,"column":0},"end":{"line":11,"column":35}},"5":{"start":{"line":13,"column":0},"end":{"line":13,"column":43}},"6":{"start":{"line":15,"column":0},"end":{"line":15,"column":39}},"7":{"start":{"line":17,"column":0},"end":{"line":17,"column":47}},"8":{"start":{"line":19,"column":0},"end":{"line":19,"column":95}},"9":{"start":{"line":19,"column":39},"end":{"line":19,"column":93}},"10":{"start":{"line":21,"column":0},"end":{"line":35,"column":2}},"11":{"start":{"line":24,"column":4},"end":{"line":33,"column":7}},"12":{"start":{"line":25,"column":6},"end":{"line":26,"column":33}},"13":{"start":{"line":28,"column":6},"end":{"line":30,"column":7}},"14":{"start":{"line":29,"column":8},"end":{"line":29,"column":173}},"15":{"start":{"line":32,"column":6},"end":{"line":32,"column":131}}},"branchMap":{"1":{"line":19,"type":"cond-expr","locations":[{"start":{"line":19,"column":70},"end":{"line":19,"column":73}},{"start":{"line":19,"column":76},"end":{"line":19,"column":92}}]},"2":{"line":19,"type":"binary-expr","locations":[{"start":{"line":19,"column":46},"end":{"line":19,"column":49}},{"start":{"line":19,"column":53},"end":{"line":19,"column":67}}]},"3":{"line":28,"type":"if","locations":[{"start":{"line":28,"column":6},"end":{"line":28,"column":6}},{"start":{"line":28,"column":6},"end":{"line":28,"column":6}}]}},"code":["'use strict';","","Object.defineProperty(exports, \"__esModule\", {","  value: true","});","","var _each = require('lodash/each');","","var _each2 = _interopRequireDefault(_each);","","var _omit = require('lodash/omit');","","var _omit2 = _interopRequireDefault(_omit);","","var _assign = require('lodash/assign');","","var _assign2 = _interopRequireDefault(_assign);","","function _interopRequireDefault(obj) { return obj && obj.__esModule ? obj : { default: obj }; }","","exports.default = {","  name: \"mj-attributes\",","  handler: function handler(element, globalAttributes) {","    (0, _each2.default)(element.children, function (_ref) {","      var attributes = _ref.attributes,","          tagName = _ref.tagName;","","      if (tagName === 'mj-class') {","        return globalAttributes.cssClasses[attributes.name] = (0, _assign2.default)(globalAttributes.cssClasses[attributes.name], (0, _omit2.default)(attributes, ['name']));","      }","","      globalAttributes.defaultAttributes[tagName] = (0, _assign2.default)(globalAttributes.defaultAttributes[tagName], attributes);","    });","  }","};"],"l":{"3":1,"7":1,"9":1,"11":1,"13":1,"15":1,"17":1,"19":3,"21":1,"24":0,"25":0,"28":0,"29":0,"32":0}},"/home/travis/build/npmtest/node-npmtest-mjml/node_modules/mjml-head-font/lib/index.js":{"path":"/home/travis/build/npmtest/node-npmtest-mjml/node_modules/mjml-head-font/lib/index.js","s":{"1":1,"2":1,"3":1,"4":1,"5":1,"6":1,"7":0,"8":0,"9":0,"10":0,"11":0},"b":{"1":[0,1],"2":[1,1],"3":[0,0]},"f":{"1":1,"2":0},"fnMap":{"1":{"name":"_interopRequireDefault","line":11,"loc":{"start":{"line":11,"column":0},"end":{"line":11,"column":37}}},"2":{"name":"handler","line":16,"loc":{"start":{"line":16,"column":11},"end":{"line":16,"column":52}}}},"statementMap":{"1":{"start":{"line":3,"column":0},"end":{"line":5,"column":3}},"2":{"start":{"line":7,"column":0},"end":{"line":7,"column":35}},"3":{"start":{"line":9,"column":0},"end":{"line":9,"column":43}},"4":{"start":{"line":11,"column":0},"end":{"line":11,"column":95}},"5":{"start":{"line":11,"column":39},"end":{"line":11,"column":93}},"6":{"start":{"line":13,"column":0},"end":{"line":27,"column":2}},"7":{"start":{"line":17,"column":4},"end":{"line":17,"column":37}},"8":{"start":{"line":19,"column":4},"end":{"line":19,"column":86}},"9":{"start":{"line":21,"column":4},"end":{"line":25,"column":5}},"10":{"start":{"line":22,"column":6},"end":{"line":22,"column":33}},"11":{"start":{"line":24,"column":6},"end":{"line":24,"column":83}}},"branchMap":{"1":{"line":11,"type":"cond-expr","locations":[{"start":{"line":11,"column":70},"end":{"line":11,"column":73}},{"start":{"line":11,"column":76},"end":{"line":11,"column":92}}]},"2":{"line":11,"type":"binary-expr","locations":[{"start":{"line":11,"column":46},"end":{"line":11,"column":49}},{"start":{"line":11,"column":53},"end":{"line":11,"column":67}}]},"3":{"line":21,"type":"if","locations":[{"start":{"line":21,"column":4},"end":{"line":21,"column":4}},{"start":{"line":21,"column":4},"end":{"line":21,"column":4}}]}},"code":["\"use strict\";","","Object.defineProperty(exports, \"__esModule\", {","  value: true","});","","var _find = require(\"lodash/find\");","","var _find2 = _interopRequireDefault(_find);","","function _interopRequireDefault(obj) { return obj && obj.__esModule ? obj : { default: obj }; }","","exports.default = {","  name: \"mj-font\",","  endingTag: true,","  handler: function handler(_ref, globalAttributes) {","    var attributes = _ref.attributes;","","    var font = (0, _find2.default)(globalAttributes.fonts, ['name', attributes.name]);","","    if (font) {","      font.url = attributes.href;","    } else {","      globalAttributes.fonts.push({ name: attributes.name, url: attributes.href });","    }","  }","};"],"l":{"3":1,"7":1,"9":1,"11":1,"13":1,"17":0,"19":0,"21":0,"22":0,"24":0}},"/home/travis/build/npmtest/node-npmtest-mjml/node_modules/mjml-head-style/lib/index.js":{"path":"/home/travis/build/npmtest/node-npmtest-mjml/node_modules/mjml-head-style/lib/index.js","s":{"1":1,"2":1,"3":0,"4":0,"5":0,"6":0},"b":{"1":[0,0]},"f":{"1":0},"fnMap":{"1":{"name":"handler","line":9,"loc":{"start":{"line":9,"column":11},"end":{"line":9,"column":52}}}},"statementMap":{"1":{"start":{"line":3,"column":0},"end":{"line":5,"column":3}},"2":{"start":{"line":6,"column":0},"end":{"line":19,"column":2}},"3":{"start":{"line":10,"column":4},"end":{"line":11,"column":37}},"4":{"start":{"line":13,"column":4},"end":{"line":17,"column":5}},"5":{"start":{"line":14,"column":6},"end":{"line":14,"column":47}},"6":{"start":{"line":16,"column":6},"end":{"line":16,"column":41}}},"branchMap":{"1":{"line":13,"type":"if","locations":[{"start":{"line":13,"column":4},"end":{"line":13,"column":4}},{"start":{"line":13,"column":4},"end":{"line":13,"column":4}}]}},"code":["\"use strict\";","","Object.defineProperty(exports, \"__esModule\", {","  value: true","});","exports.default = {","  name: \"mj-style\",","  endingTag: true,","  handler: function handler(_ref, globalAttributes) {","    var content = _ref.content,","        attributes = _ref.attributes;","","    if (attributes.inline == \"inline\") {","      globalAttributes.inlineCSS.push(content);","    } else {","      globalAttributes.css.push(content);","    }","  }","};"],"l":{"3":1,"6":1,"10":0,"13":0,"14":0,"16":0}},"/home/travis/build/npmtest/node-npmtest-mjml/node_modules/mjml-head-title/lib/index.js":{"path":"/home/travis/build/npmtest/node-npmtest-mjml/node_modules/mjml-head-title/lib/index.js","s":{"1":1,"2":1,"3":0,"4":0},"b":{},"f":{"1":0},"fnMap":{"1":{"name":"handler","line":9,"loc":{"start":{"line":9,"column":11},"end":{"line":9,"column":52}}}},"statementMap":{"1":{"start":{"line":3,"column":0},"end":{"line":5,"column":3}},"2":{"start":{"line":6,"column":0},"end":{"line":14,"column":2}},"3":{"start":{"line":10,"column":4},"end":{"line":10,"column":31}},"4":{"start":{"line":12,"column":4},"end":{"line":12,"column":37}}},"branchMap":{},"code":["\"use strict\";","","Object.defineProperty(exports, \"__esModule\", {","  value: true","});","exports.default = {","  name: \"mj-title\",","  endingTag: true,","  handler: function handler(_ref, globalAttributes) {","    var content = _ref.content;","","    globalAttributes.title = content;","  }","};"],"l":{"3":1,"6":1,"10":0,"12":0}}}